{"D:\\JONY\\C'mon Bro\\2026\\AMD slingshot\\kiro\\background\\background.js": {"path":"D:\\JONY\\C'mon Bro\\2026\\AMD slingshot\\kiro\\background\\background.js","statementMap":{"0":{"start":{"line":2,"column":0},"end":{"line":2,"column":89}},"1":{"start":{"line":9,"column":0},"end":{"line":11,"column":3}},"2":{"start":{"line":14,"column":2},"end":{"line":54,"column":3}},"3":{"start":{"line":16,"column":19},"end":{"line":16,"column":89}},"4":{"start":{"line":18,"column":16},"end":{"line":18,"column":26}},"5":{"start":{"line":19,"column":22},"end":{"line":19,"column":51}},"6":{"start":{"line":22,"column":4},"end":{"line":24,"column":5}},"7":{"start":{"line":23,"column":6},"end":{"line":23,"column":13}},"8":{"start":{"line":26,"column":4},"end":{"line":26,"column":63}},"9":{"start":{"line":29,"column":18},"end":{"line":29,"column":38}},"10":{"start":{"line":31,"column":4},"end":{"line":50,"column":5}},"11":{"start":{"line":32,"column":6},"end":{"line":32,"column":97}},"12":{"start":{"line":35,"column":19},"end":{"line":35,"column":60}},"13":{"start":{"line":37,"column":6},"end":{"line":49,"column":7}},"14":{"start":{"line":38,"column":8},"end":{"line":48,"column":9}},"15":{"start":{"line":39,"column":10},"end":{"line":47,"column":11}},"16":{"start":{"line":40,"column":12},"end":{"line":43,"column":15}},"17":{"start":{"line":46,"column":12},"end":{"line":46,"column":77}},"18":{"start":{"line":53,"column":4},"end":{"line":53,"column":73}},"19":{"start":{"line":58,"column":24},"end":{"line":62,"column":3}},"20":{"start":{"line":64,"column":2},"end":{"line":64,"column":56}},"21":{"start":{"line":64,"column":36},"end":{"line":64,"column":54}},"22":{"start":{"line":73,"column":4},"end":{"line":73,"column":27}},"23":{"start":{"line":74,"column":4},"end":{"line":74,"column":37}},"24":{"start":{"line":75,"column":4},"end":{"line":75,"column":34}},"25":{"start":{"line":76,"column":4},"end":{"line":76,"column":24}},"26":{"start":{"line":80,"column":21},"end":{"line":80,"column":42}},"27":{"start":{"line":83,"column":4},"end":{"line":91,"column":5}},"28":{"start":{"line":84,"column":21},"end":{"line":84,"column":45}},"29":{"start":{"line":85,"column":6},"end":{"line":90,"column":7}},"30":{"start":{"line":86,"column":8},"end":{"line":86,"column":60}},"31":{"start":{"line":87,"column":8},"end":{"line":87,"column":27}},"32":{"start":{"line":89,"column":8},"end":{"line":89,"column":36}},"33":{"start":{"line":94,"column":4},"end":{"line":97,"column":5}},"34":{"start":{"line":95,"column":6},"end":{"line":95,"column":72}},"35":{"start":{"line":96,"column":6},"end":{"line":96,"column":45}},"36":{"start":{"line":100,"column":25},"end":{"line":100,"column":56}},"37":{"start":{"line":101,"column":4},"end":{"line":101,"column":50}},"38":{"start":{"line":103,"column":4},"end":{"line":117,"column":5}},"39":{"start":{"line":104,"column":21},"end":{"line":104,"column":39}},"40":{"start":{"line":107,"column":6},"end":{"line":112,"column":7}},"41":{"start":{"line":108,"column":8},"end":{"line":111,"column":11}},"42":{"start":{"line":114,"column":6},"end":{"line":114,"column":20}},"43":{"start":{"line":116,"column":6},"end":{"line":116,"column":41}},"44":{"start":{"line":121,"column":59},"end":{"line":121,"column":66}},"45":{"start":{"line":123,"column":4},"end":{"line":172,"column":5}},"46":{"start":{"line":123,"column":23},"end":{"line":123,"column":24}},"47":{"start":{"line":124,"column":6},"end":{"line":171,"column":7}},"48":{"start":{"line":125,"column":8},"end":{"line":125,"column":80}},"49":{"start":{"line":127,"column":27},"end":{"line":127,"column":48}},"50":{"start":{"line":128,"column":26},"end":{"line":128,"column":71}},"51":{"start":{"line":128,"column":43},"end":{"line":128,"column":61}},"52":{"start":{"line":130,"column":25},"end":{"line":141,"column":10}},"53":{"start":{"line":143,"column":8},"end":{"line":143,"column":32}},"54":{"start":{"line":145,"column":8},"end":{"line":147,"column":9}},"55":{"start":{"line":146,"column":10},"end":{"line":146,"column":77}},"56":{"start":{"line":149,"column":21},"end":{"line":149,"column":42}},"57":{"start":{"line":151,"column":8},"end":{"line":156,"column":10}},"58":{"start":{"line":159,"column":8},"end":{"line":159,"column":85}},"59":{"start":{"line":161,"column":8},"end":{"line":167,"column":9}},"60":{"start":{"line":162,"column":10},"end":{"line":166,"column":12}},"61":{"start":{"line":170,"column":8},"end":{"line":170,"column":54}},"62":{"start":{"line":177,"column":34},"end":{"line":177,"column":41}},"63":{"start":{"line":178,"column":20},"end":{"line":178,"column":29}},"64":{"start":{"line":181,"column":4},"end":{"line":193,"column":5}},"65":{"start":{"line":181,"column":17},"end":{"line":181,"column":18}},"66":{"start":{"line":182,"column":20},"end":{"line":182,"column":52}},"67":{"start":{"line":183,"column":23},"end":{"line":186,"column":8}},"68":{"start":{"line":184,"column":23},"end":{"line":184,"column":64}},"69":{"start":{"line":185,"column":8},"end":{"line":185,"column":31}},"70":{"start":{"line":188,"column":27},"end":{"line":188,"column":54}},"71":{"start":{"line":190,"column":6},"end":{"line":192,"column":7}},"72":{"start":{"line":191,"column":8},"end":{"line":191,"column":33}},"73":{"start":{"line":195,"column":4},"end":{"line":195,"column":19}},"74":{"start":{"line":199,"column":4},"end":{"line":199,"column":29}},"75":{"start":{"line":203,"column":4},"end":{"line":203,"column":59}},"76":{"start":{"line":203,"column":34},"end":{"line":203,"column":57}},"77":{"start":{"line":207,"column":4},"end":{"line":207,"column":23}},"78":{"start":{"line":208,"column":4},"end":{"line":208,"column":48}},"79":{"start":{"line":212,"column":16},"end":{"line":212,"column":26}},"80":{"start":{"line":213,"column":4},"end":{"line":217,"column":5}},"81":{"start":{"line":214,"column":6},"end":{"line":216,"column":7}},"82":{"start":{"line":215,"column":8},"end":{"line":215,"column":31}},"83":{"start":{"line":222,"column":21},"end":{"line":222,"column":39}},"84":{"start":{"line":225,"column":0},"end":{"line":227,"column":10}},"85":{"start":{"line":226,"column":2},"end":{"line":226,"column":35}},"86":{"start":{"line":233,"column":0},"end":{"line":251,"column":3}},"87":{"start":{"line":234,"column":2},"end":{"line":234,"column":63}},"88":{"start":{"line":237,"column":2},"end":{"line":247,"column":5}},"89":{"start":{"line":250,"column":2},"end":{"line":250,"column":29}},"90":{"start":{"line":254,"column":0},"end":{"line":257,"column":3}},"91":{"start":{"line":255,"column":2},"end":{"line":255,"column":72}},"92":{"start":{"line":256,"column":2},"end":{"line":256,"column":29}},"93":{"start":{"line":260,"column":0},"end":{"line":287,"column":3}},"94":{"start":{"line":261,"column":2},"end":{"line":286,"column":3}},"95":{"start":{"line":262,"column":26},"end":{"line":269,"column":5}},"96":{"start":{"line":271,"column":27},"end":{"line":271,"column":77}},"97":{"start":{"line":271,"column":54},"end":{"line":271,"column":76}},"98":{"start":{"line":273,"column":4},"end":{"line":285,"column":5}},"99":{"start":{"line":275,"column":6},"end":{"line":284,"column":7}},"100":{"start":{"line":276,"column":8},"end":{"line":281,"column":11}},"101":{"start":{"line":278,"column":10},"end":{"line":280,"column":11}},"102":{"start":{"line":279,"column":12},"end":{"line":279,"column":61}},"103":{"start":{"line":290,"column":0},"end":{"line":404,"column":3}},"104":{"start":{"line":291,"column":2},"end":{"line":298,"column":3}},"105":{"start":{"line":292,"column":4},"end":{"line":297,"column":7}},"106":{"start":{"line":293,"column":6},"end":{"line":296,"column":9}},"107":{"start":{"line":300,"column":2},"end":{"line":312,"column":3}},"108":{"start":{"line":303,"column":4},"end":{"line":311,"column":7}},"109":{"start":{"line":315,"column":2},"end":{"line":347,"column":3}},"110":{"start":{"line":316,"column":61},"end":{"line":316,"column":68}},"111":{"start":{"line":317,"column":24},"end":{"line":317,"column":35}},"112":{"start":{"line":318,"column":22},"end":{"line":318,"column":163}},"113":{"start":{"line":320,"column":4},"end":{"line":344,"column":7}},"114":{"start":{"line":329,"column":6},"end":{"line":335,"column":7}},"115":{"start":{"line":330,"column":8},"end":{"line":334,"column":11}},"116":{"start":{"line":331,"column":10},"end":{"line":331,"column":47}},"117":{"start":{"line":333,"column":10},"end":{"line":333,"column":53}},"118":{"start":{"line":336,"column":6},"end":{"line":336,"column":29}},"119":{"start":{"line":339,"column":6},"end":{"line":339,"column":50}},"120":{"start":{"line":342,"column":6},"end":{"line":342,"column":53}},"121":{"start":{"line":343,"column":6},"end":{"line":343,"column":61}},"122":{"start":{"line":346,"column":4},"end":{"line":346,"column":16}},"123":{"start":{"line":349,"column":2},"end":{"line":380,"column":3}},"124":{"start":{"line":350,"column":52},"end":{"line":350,"column":59}},"125":{"start":{"line":351,"column":22},"end":{"line":351,"column":119}},"126":{"start":{"line":353,"column":4},"end":{"line":377,"column":7}},"127":{"start":{"line":362,"column":6},"end":{"line":368,"column":7}},"128":{"start":{"line":363,"column":8},"end":{"line":367,"column":11}},"129":{"start":{"line":364,"column":10},"end":{"line":364,"column":47}},"130":{"start":{"line":366,"column":10},"end":{"line":366,"column":53}},"131":{"start":{"line":369,"column":6},"end":{"line":369,"column":29}},"132":{"start":{"line":372,"column":6},"end":{"line":372,"column":50}},"133":{"start":{"line":375,"column":6},"end":{"line":375,"column":53}},"134":{"start":{"line":376,"column":6},"end":{"line":376,"column":61}},"135":{"start":{"line":379,"column":4},"end":{"line":379,"column":16}},"136":{"start":{"line":383,"column":2},"end":{"line":388,"column":3}},"137":{"start":{"line":384,"column":4},"end":{"line":386,"column":78}},"138":{"start":{"line":385,"column":22},"end":{"line":385,"column":42}},"139":{"start":{"line":386,"column":22},"end":{"line":386,"column":76}},"140":{"start":{"line":387,"column":4},"end":{"line":387,"column":16}},"141":{"start":{"line":390,"column":2},"end":{"line":395,"column":3}},"142":{"start":{"line":391,"column":4},"end":{"line":393,"column":78}},"143":{"start":{"line":392,"column":23},"end":{"line":392,"column":92}},"144":{"start":{"line":393,"column":22},"end":{"line":393,"column":76}},"145":{"start":{"line":394,"column":4},"end":{"line":394,"column":16}},"146":{"start":{"line":397,"column":2},"end":{"line":401,"column":3}},"147":{"start":{"line":398,"column":4},"end":{"line":398,"column":30}},"148":{"start":{"line":399,"column":4},"end":{"line":399,"column":36}},"149":{"start":{"line":400,"column":4},"end":{"line":400,"column":16}},"150":{"start":{"line":403,"column":2},"end":{"line":403,"column":14}},"151":{"start":{"line":407,"column":0},"end":{"line":407,"column":71}},"152":{"start":{"line":409,"column":0},"end":{"line":432,"column":3}},"153":{"start":{"line":410,"column":2},"end":{"line":427,"column":3}},"154":{"start":{"line":411,"column":4},"end":{"line":426,"column":7}},"155":{"start":{"line":412,"column":22},"end":{"line":412,"column":45}},"156":{"start":{"line":413,"column":28},"end":{"line":413,"column":67}},"157":{"start":{"line":415,"column":6},"end":{"line":423,"column":9}},"158":{"start":{"line":416,"column":8},"end":{"line":418,"column":11}},"159":{"start":{"line":417,"column":10},"end":{"line":417,"column":64}},"160":{"start":{"line":420,"column":8},"end":{"line":422,"column":9}},"161":{"start":{"line":421,"column":10},"end":{"line":421,"column":36}},"162":{"start":{"line":425,"column":6},"end":{"line":425,"column":58}},"163":{"start":{"line":429,"column":2},"end":{"line":431,"column":3}},"164":{"start":{"line":430,"column":4},"end":{"line":430,"column":31}}},"fnMap":{"0":{"name":"checkAndScheduleTraining","decl":{"start":{"line":13,"column":15},"end":{"line":13,"column":39}},"loc":{"start":{"line":13,"column":42},"end":{"line":55,"column":1}},"line":13},"1":{"name":"isShoppingSite","decl":{"start":{"line":57,"column":9},"end":{"line":57,"column":23}},"loc":{"start":{"line":57,"column":29},"end":{"line":65,"column":1}},"line":57},"2":{"name":"(anonymous_2)","decl":{"start":{"line":64,"column":28},"end":{"line":64,"column":29}},"loc":{"start":{"line":64,"column":36},"end":{"line":64,"column":54}},"line":64},"3":{"name":"(anonymous_3)","decl":{"start":{"line":72,"column":2},"end":{"line":72,"column":3}},"loc":{"start":{"line":72,"column":16},"end":{"line":77,"column":3}},"line":72},"4":{"name":"(anonymous_4)","decl":{"start":{"line":79,"column":2},"end":{"line":79,"column":3}},"loc":{"start":{"line":79,"column":44},"end":{"line":118,"column":3}},"line":79},"5":{"name":"(anonymous_5)","decl":{"start":{"line":120,"column":2},"end":{"line":120,"column":3}},"loc":{"start":{"line":120,"column":40},"end":{"line":173,"column":3}},"line":120},"6":{"name":"(anonymous_6)","decl":{"start":{"line":128,"column":37},"end":{"line":128,"column":38}},"loc":{"start":{"line":128,"column":43},"end":{"line":128,"column":61}},"line":128},"7":{"name":"(anonymous_7)","decl":{"start":{"line":176,"column":2},"end":{"line":176,"column":3}},"loc":{"start":{"line":176,"column":42},"end":{"line":196,"column":3}},"line":176},"8":{"name":"(anonymous_8)","decl":{"start":{"line":183,"column":33},"end":{"line":183,"column":34}},"loc":{"start":{"line":183,"column":48},"end":{"line":186,"column":7}},"line":183},"9":{"name":"(anonymous_9)","decl":{"start":{"line":198,"column":2},"end":{"line":198,"column":3}},"loc":{"start":{"line":198,"column":19},"end":{"line":200,"column":3}},"line":198},"10":{"name":"(anonymous_10)","decl":{"start":{"line":202,"column":2},"end":{"line":202,"column":3}},"loc":{"start":{"line":202,"column":12},"end":{"line":204,"column":3}},"line":202},"11":{"name":"(anonymous_11)","decl":{"start":{"line":203,"column":23},"end":{"line":203,"column":24}},"loc":{"start":{"line":203,"column":34},"end":{"line":203,"column":57}},"line":203},"12":{"name":"(anonymous_12)","decl":{"start":{"line":206,"column":2},"end":{"line":206,"column":3}},"loc":{"start":{"line":206,"column":15},"end":{"line":209,"column":3}},"line":206},"13":{"name":"(anonymous_13)","decl":{"start":{"line":211,"column":2},"end":{"line":211,"column":3}},"loc":{"start":{"line":211,"column":22},"end":{"line":218,"column":3}},"line":211},"14":{"name":"(anonymous_14)","decl":{"start":{"line":225,"column":12},"end":{"line":225,"column":13}},"loc":{"start":{"line":225,"column":18},"end":{"line":227,"column":1}},"line":225},"15":{"name":"(anonymous_15)","decl":{"start":{"line":233,"column":39},"end":{"line":233,"column":40}},"loc":{"start":{"line":233,"column":45},"end":{"line":251,"column":1}},"line":233},"16":{"name":"(anonymous_16)","decl":{"start":{"line":254,"column":37},"end":{"line":254,"column":38}},"loc":{"start":{"line":254,"column":43},"end":{"line":257,"column":1}},"line":254},"17":{"name":"(anonymous_17)","decl":{"start":{"line":260,"column":34},"end":{"line":260,"column":35}},"loc":{"start":{"line":260,"column":62},"end":{"line":287,"column":1}},"line":260},"18":{"name":"(anonymous_18)","decl":{"start":{"line":271,"column":46},"end":{"line":271,"column":47}},"loc":{"start":{"line":271,"column":54},"end":{"line":271,"column":76}},"line":271},"19":{"name":"(anonymous_19)","decl":{"start":{"line":276,"column":71},"end":{"line":276,"column":72}},"loc":{"start":{"line":276,"column":80},"end":{"line":281,"column":9}},"line":276},"20":{"name":"(anonymous_20)","decl":{"start":{"line":290,"column":37},"end":{"line":290,"column":38}},"loc":{"start":{"line":290,"column":72},"end":{"line":404,"column":1}},"line":290},"21":{"name":"(anonymous_21)","decl":{"start":{"line":292,"column":64},"end":{"line":292,"column":65}},"loc":{"start":{"line":292,"column":74},"end":{"line":297,"column":5}},"line":292},"22":{"name":"(anonymous_22)","decl":{"start":{"line":328,"column":10},"end":{"line":328,"column":11}},"loc":{"start":{"line":328,"column":22},"end":{"line":337,"column":5}},"line":328},"23":{"name":"(anonymous_23)","decl":{"start":{"line":330,"column":36},"end":{"line":330,"column":37}},"loc":{"start":{"line":330,"column":43},"end":{"line":332,"column":9}},"line":330},"24":{"name":"(anonymous_24)","decl":{"start":{"line":332,"column":17},"end":{"line":332,"column":18}},"loc":{"start":{"line":332,"column":23},"end":{"line":334,"column":9}},"line":332},"25":{"name":"(anonymous_25)","decl":{"start":{"line":338,"column":10},"end":{"line":338,"column":11}},"loc":{"start":{"line":338,"column":18},"end":{"line":340,"column":5}},"line":338},"26":{"name":"(anonymous_26)","decl":{"start":{"line":341,"column":11},"end":{"line":341,"column":12}},"loc":{"start":{"line":341,"column":20},"end":{"line":344,"column":5}},"line":341},"27":{"name":"(anonymous_27)","decl":{"start":{"line":361,"column":10},"end":{"line":361,"column":11}},"loc":{"start":{"line":361,"column":22},"end":{"line":370,"column":5}},"line":361},"28":{"name":"(anonymous_28)","decl":{"start":{"line":363,"column":36},"end":{"line":363,"column":37}},"loc":{"start":{"line":363,"column":43},"end":{"line":365,"column":9}},"line":363},"29":{"name":"(anonymous_29)","decl":{"start":{"line":365,"column":17},"end":{"line":365,"column":18}},"loc":{"start":{"line":365,"column":23},"end":{"line":367,"column":9}},"line":365},"30":{"name":"(anonymous_30)","decl":{"start":{"line":371,"column":10},"end":{"line":371,"column":11}},"loc":{"start":{"line":371,"column":18},"end":{"line":373,"column":5}},"line":371},"31":{"name":"(anonymous_31)","decl":{"start":{"line":374,"column":11},"end":{"line":374,"column":12}},"loc":{"start":{"line":374,"column":20},"end":{"line":377,"column":5}},"line":374},"32":{"name":"(anonymous_32)","decl":{"start":{"line":385,"column":12},"end":{"line":385,"column":13}},"loc":{"start":{"line":385,"column":22},"end":{"line":385,"column":42}},"line":385},"33":{"name":"(anonymous_33)","decl":{"start":{"line":386,"column":13},"end":{"line":386,"column":14}},"loc":{"start":{"line":386,"column":22},"end":{"line":386,"column":76}},"line":386},"34":{"name":"(anonymous_34)","decl":{"start":{"line":392,"column":12},"end":{"line":392,"column":13}},"loc":{"start":{"line":392,"column":23},"end":{"line":392,"column":92}},"line":392},"35":{"name":"(anonymous_35)","decl":{"start":{"line":393,"column":13},"end":{"line":393,"column":14}},"loc":{"start":{"line":393,"column":22},"end":{"line":393,"column":76}},"line":393},"36":{"name":"(anonymous_36)","decl":{"start":{"line":409,"column":34},"end":{"line":409,"column":35}},"loc":{"start":{"line":409,"column":45},"end":{"line":432,"column":1}},"line":409},"37":{"name":"(anonymous_37)","decl":{"start":{"line":411,"column":47},"end":{"line":411,"column":48}},"loc":{"start":{"line":411,"column":57},"end":{"line":426,"column":5}},"line":411},"38":{"name":"(anonymous_38)","decl":{"start":{"line":415,"column":35},"end":{"line":415,"column":36}},"loc":{"start":{"line":415,"column":48},"end":{"line":423,"column":7}},"line":415},"39":{"name":"(anonymous_39)","decl":{"start":{"line":416,"column":55},"end":{"line":416,"column":56}},"loc":{"start":{"line":416,"column":64},"end":{"line":418,"column":9}},"line":416}},"branchMap":{"0":{"loc":{"start":{"line":19,"column":22},"end":{"line":19,"column":51}},"type":"binary-expr","locations":[{"start":{"line":19,"column":22},"end":{"line":19,"column":46}},{"start":{"line":19,"column":50},"end":{"line":19,"column":51}}],"line":19},"1":{"loc":{"start":{"line":22,"column":4},"end":{"line":24,"column":5}},"type":"if","locations":[{"start":{"line":22,"column":4},"end":{"line":24,"column":5}},{"start":{},"end":{}}],"line":22},"2":{"loc":{"start":{"line":31,"column":4},"end":{"line":50,"column":5}},"type":"if","locations":[{"start":{"line":31,"column":4},"end":{"line":50,"column":5}},{"start":{},"end":{}}],"line":31},"3":{"loc":{"start":{"line":31,"column":8},"end":{"line":31,"column":39}},"type":"binary-expr","locations":[{"start":{"line":31,"column":8},"end":{"line":31,"column":13}},{"start":{"line":31,"column":17},"end":{"line":31,"column":39}}],"line":31},"4":{"loc":{"start":{"line":38,"column":8},"end":{"line":48,"column":9}},"type":"if","locations":[{"start":{"line":38,"column":8},"end":{"line":48,"column":9}},{"start":{},"end":{}}],"line":38},"5":{"loc":{"start":{"line":38,"column":12},"end":{"line":38,"column":46}},"type":"binary-expr","locations":[{"start":{"line":38,"column":12},"end":{"line":38,"column":19}},{"start":{"line":38,"column":23},"end":{"line":38,"column":46}}],"line":38},"6":{"loc":{"start":{"line":79,"column":30},"end":{"line":79,"column":42}},"type":"default-arg","locations":[{"start":{"line":79,"column":40},"end":{"line":79,"column":42}}],"line":79},"7":{"loc":{"start":{"line":83,"column":4},"end":{"line":91,"column":5}},"type":"if","locations":[{"start":{"line":83,"column":4},"end":{"line":91,"column":5}},{"start":{},"end":{}}],"line":83},"8":{"loc":{"start":{"line":85,"column":6},"end":{"line":90,"column":7}},"type":"if","locations":[{"start":{"line":85,"column":6},"end":{"line":90,"column":7}},{"start":{"line":88,"column":13},"end":{"line":90,"column":7}}],"line":85},"9":{"loc":{"start":{"line":94,"column":4},"end":{"line":97,"column":5}},"type":"if","locations":[{"start":{"line":94,"column":4},"end":{"line":97,"column":5}},{"start":{},"end":{}}],"line":94},"10":{"loc":{"start":{"line":107,"column":6},"end":{"line":112,"column":7}},"type":"if","locations":[{"start":{"line":107,"column":6},"end":{"line":112,"column":7}},{"start":{},"end":{}}],"line":107},"11":{"loc":{"start":{"line":107,"column":10},"end":{"line":107,"column":31}},"type":"binary-expr","locations":[{"start":{"line":107,"column":10},"end":{"line":107,"column":16}},{"start":{"line":107,"column":20},"end":{"line":107,"column":31}}],"line":107},"12":{"loc":{"start":{"line":120,"column":26},"end":{"line":120,"column":38}},"type":"default-arg","locations":[{"start":{"line":120,"column":36},"end":{"line":120,"column":38}}],"line":120},"13":{"loc":{"start":{"line":121,"column":12},"end":{"line":121,"column":37}},"type":"default-arg","locations":[{"start":{"line":121,"column":22},"end":{"line":121,"column":37}}],"line":121},"14":{"loc":{"start":{"line":121,"column":39},"end":{"line":121,"column":54}},"type":"default-arg","locations":[{"start":{"line":121,"column":49},"end":{"line":121,"column":54}}],"line":121},"15":{"loc":{"start":{"line":145,"column":8},"end":{"line":147,"column":9}},"type":"if","locations":[{"start":{"line":145,"column":8},"end":{"line":147,"column":9}},{"start":{},"end":{}}],"line":145},"16":{"loc":{"start":{"line":161,"column":8},"end":{"line":167,"column":9}},"type":"if","locations":[{"start":{"line":161,"column":8},"end":{"line":167,"column":9}},{"start":{},"end":{}}],"line":161},"17":{"loc":{"start":{"line":176,"column":28},"end":{"line":176,"column":40}},"type":"default-arg","locations":[{"start":{"line":176,"column":38},"end":{"line":176,"column":40}}],"line":176},"18":{"loc":{"start":{"line":177,"column":12},"end":{"line":177,"column":29}},"type":"default-arg","locations":[{"start":{"line":177,"column":28},"end":{"line":177,"column":29}}],"line":177},"19":{"loc":{"start":{"line":214,"column":6},"end":{"line":216,"column":7}},"type":"if","locations":[{"start":{"line":214,"column":6},"end":{"line":216,"column":7}},{"start":{},"end":{}}],"line":214},"20":{"loc":{"start":{"line":261,"column":2},"end":{"line":286,"column":3}},"type":"if","locations":[{"start":{"line":261,"column":2},"end":{"line":286,"column":3}},{"start":{},"end":{}}],"line":261},"21":{"loc":{"start":{"line":261,"column":6},"end":{"line":261,"column":49}},"type":"binary-expr","locations":[{"start":{"line":261,"column":6},"end":{"line":261,"column":38}},{"start":{"line":261,"column":42},"end":{"line":261,"column":49}}],"line":261},"22":{"loc":{"start":{"line":273,"column":4},"end":{"line":285,"column":5}},"type":"if","locations":[{"start":{"line":273,"column":4},"end":{"line":285,"column":5}},{"start":{},"end":{}}],"line":273},"23":{"loc":{"start":{"line":278,"column":10},"end":{"line":280,"column":11}},"type":"if","locations":[{"start":{"line":278,"column":10},"end":{"line":280,"column":11}},{"start":{},"end":{}}],"line":278},"24":{"loc":{"start":{"line":278,"column":14},"end":{"line":278,"column":83}},"type":"binary-expr","locations":[{"start":{"line":278,"column":14},"end":{"line":278,"column":25}},{"start":{"line":278,"column":29},"end":{"line":278,"column":83}}],"line":278},"25":{"loc":{"start":{"line":291,"column":2},"end":{"line":298,"column":3}},"type":"if","locations":[{"start":{"line":291,"column":2},"end":{"line":298,"column":3}},{"start":{},"end":{}}],"line":291},"26":{"loc":{"start":{"line":294,"column":21},"end":{"line":294,"column":41}},"type":"binary-expr","locations":[{"start":{"line":294,"column":21},"end":{"line":294,"column":36}},{"start":{"line":294,"column":40},"end":{"line":294,"column":41}}],"line":294},"27":{"loc":{"start":{"line":294,"column":46},"end":{"line":294,"column":69}},"type":"binary-expr","locations":[{"start":{"line":294,"column":46},"end":{"line":294,"column":64}},{"start":{"line":294,"column":68},"end":{"line":294,"column":69}}],"line":294},"28":{"loc":{"start":{"line":295,"column":27},"end":{"line":295,"column":53}},"type":"binary-expr","locations":[{"start":{"line":295,"column":27},"end":{"line":295,"column":48}},{"start":{"line":295,"column":52},"end":{"line":295,"column":53}}],"line":295},"29":{"loc":{"start":{"line":300,"column":2},"end":{"line":312,"column":3}},"type":"if","locations":[{"start":{"line":300,"column":2},"end":{"line":312,"column":3}},{"start":{},"end":{}}],"line":300},"30":{"loc":{"start":{"line":315,"column":2},"end":{"line":347,"column":3}},"type":"if","locations":[{"start":{"line":315,"column":2},"end":{"line":347,"column":3}},{"start":{},"end":{}}],"line":315},"31":{"loc":{"start":{"line":317,"column":24},"end":{"line":317,"column":35}},"type":"binary-expr","locations":[{"start":{"line":317,"column":24},"end":{"line":317,"column":29}},{"start":{"line":317,"column":33},"end":{"line":317,"column":35}}],"line":317},"32":{"loc":{"start":{"line":318,"column":125},"end":{"line":318,"column":140}},"type":"binary-expr","locations":[{"start":{"line":318,"column":125},"end":{"line":318,"column":132}},{"start":{"line":318,"column":136},"end":{"line":318,"column":140}}],"line":318},"33":{"loc":{"start":{"line":324,"column":27},"end":{"line":324,"column":79}},"type":"binary-expr","locations":[{"start":{"line":324,"column":27},"end":{"line":324,"column":34}},{"start":{"line":324,"column":38},"end":{"line":324,"column":79}}],"line":324},"34":{"loc":{"start":{"line":329,"column":6},"end":{"line":335,"column":7}},"type":"if","locations":[{"start":{"line":329,"column":6},"end":{"line":335,"column":7}},{"start":{},"end":{}}],"line":329},"35":{"loc":{"start":{"line":349,"column":2},"end":{"line":380,"column":3}},"type":"if","locations":[{"start":{"line":349,"column":2},"end":{"line":380,"column":3}},{"start":{},"end":{}}],"line":349},"36":{"loc":{"start":{"line":351,"column":102},"end":{"line":351,"column":117}},"type":"binary-expr","locations":[{"start":{"line":351,"column":102},"end":{"line":351,"column":109}},{"start":{"line":351,"column":113},"end":{"line":351,"column":117}}],"line":351},"37":{"loc":{"start":{"line":357,"column":27},"end":{"line":357,"column":79}},"type":"binary-expr","locations":[{"start":{"line":357,"column":27},"end":{"line":357,"column":34}},{"start":{"line":357,"column":38},"end":{"line":357,"column":79}}],"line":357},"38":{"loc":{"start":{"line":362,"column":6},"end":{"line":368,"column":7}},"type":"if","locations":[{"start":{"line":362,"column":6},"end":{"line":368,"column":7}},{"start":{},"end":{}}],"line":362},"39":{"loc":{"start":{"line":383,"column":2},"end":{"line":388,"column":3}},"type":"if","locations":[{"start":{"line":383,"column":2},"end":{"line":388,"column":3}},{"start":{},"end":{}}],"line":383},"40":{"loc":{"start":{"line":390,"column":2},"end":{"line":395,"column":3}},"type":"if","locations":[{"start":{"line":390,"column":2},"end":{"line":395,"column":3}},{"start":{},"end":{}}],"line":390},"41":{"loc":{"start":{"line":397,"column":2},"end":{"line":401,"column":3}},"type":"if","locations":[{"start":{"line":397,"column":2},"end":{"line":401,"column":3}},{"start":{},"end":{}}],"line":397},"42":{"loc":{"start":{"line":410,"column":2},"end":{"line":427,"column":3}},"type":"if","locations":[{"start":{"line":410,"column":2},"end":{"line":427,"column":3}},{"start":{},"end":{}}],"line":410},"43":{"loc":{"start":{"line":412,"column":22},"end":{"line":412,"column":45}},"type":"binary-expr","locations":[{"start":{"line":412,"column":22},"end":{"line":412,"column":39}},{"start":{"line":412,"column":43},"end":{"line":412,"column":45}}],"line":412},"44":{"loc":{"start":{"line":420,"column":8},"end":{"line":422,"column":9}},"type":"if","locations":[{"start":{"line":420,"column":8},"end":{"line":422,"column":9}},{"start":{},"end":{}}],"line":420},"45":{"loc":{"start":{"line":429,"column":2},"end":{"line":431,"column":3}},"type":"if","locations":[{"start":{"line":429,"column":2},"end":{"line":431,"column":3}},{"start":{},"end":{}}],"line":429}},"s":{"0":0,"1":0,"2":0,"3":0,"4":0,"5":0,"6":0,"7":0,"8":0,"9":0,"10":0,"11":0,"12":0,"13":0,"14":0,"15":0,"16":0,"17":0,"18":0,"19":0,"20":0,"21":0,"22":0,"23":0,"24":0,"25":0,"26":0,"27":0,"28":0,"29":0,"30":0,"31":0,"32":0,"33":0,"34":0,"35":0,"36":0,"37":0,"38":0,"39":0,"40":0,"41":0,"42":0,"43":0,"44":0,"45":0,"46":0,"47":0,"48":0,"49":0,"50":0,"51":0,"52":0,"53":0,"54":0,"55":0,"56":0,"57":0,"58":0,"59":0,"60":0,"61":0,"62":0,"63":0,"64":0,"65":0,"66":0,"67":0,"68":0,"69":0,"70":0,"71":0,"72":0,"73":0,"74":0,"75":0,"76":0,"77":0,"78":0,"79":0,"80":0,"81":0,"82":0,"83":0,"84":0,"85":0,"86":0,"87":0,"88":0,"89":0,"90":0,"91":0,"92":0,"93":0,"94":0,"95":0,"96":0,"97":0,"98":0,"99":0,"100":0,"101":0,"102":0,"103":0,"104":0,"105":0,"106":0,"107":0,"108":0,"109":0,"110":0,"111":0,"112":0,"113":0,"114":0,"115":0,"116":0,"117":0,"118":0,"119":0,"120":0,"121":0,"122":0,"123":0,"124":0,"125":0,"126":0,"127":0,"128":0,"129":0,"130":0,"131":0,"132":0,"133":0,"134":0,"135":0,"136":0,"137":0,"138":0,"139":0,"140":0,"141":0,"142":0,"143":0,"144":0,"145":0,"146":0,"147":0,"148":0,"149":0,"150":0,"151":0,"152":0,"153":0,"154":0,"155":0,"156":0,"157":0,"158":0,"159":0,"160":0,"161":0,"162":0,"163":0,"164":0},"f":{"0":0,"1":0,"2":0,"3":0,"4":0,"5":0,"6":0,"7":0,"8":0,"9":0,"10":0,"11":0,"12":0,"13":0,"14":0,"15":0,"16":0,"17":0,"18":0,"19":0,"20":0,"21":0,"22":0,"23":0,"24":0,"25":0,"26":0,"27":0,"28":0,"29":0,"30":0,"31":0,"32":0,"33":0,"34":0,"35":0,"36":0,"37":0,"38":0,"39":0},"b":{"0":[0,0],"1":[0,0],"2":[0,0],"3":[0,0],"4":[0,0],"5":[0,0],"6":[0],"7":[0,0],"8":[0,0],"9":[0,0],"10":[0,0],"11":[0,0],"12":[0],"13":[0],"14":[0],"15":[0,0],"16":[0,0],"17":[0],"18":[0],"19":[0,0],"20":[0,0],"21":[0,0],"22":[0,0],"23":[0,0],"24":[0,0],"25":[0,0],"26":[0,0],"27":[0,0],"28":[0,0],"29":[0,0],"30":[0,0],"31":[0,0],"32":[0,0],"33":[0,0],"34":[0,0],"35":[0,0],"36":[0,0],"37":[0,0],"38":[0,0],"39":[0,0],"40":[0,0],"41":[0,0],"42":[0,0],"43":[0,0],"44":[0,0],"45":[0,0]}}
,"D:\\JONY\\C'mon Bro\\2026\\AMD slingshot\\kiro\\background\\price-fetcher.js": {"path":"D:\\JONY\\C'mon Bro\\2026\\AMD slingshot\\kiro\\background\\price-fetcher.js","statementMap":{"0":{"start":{"line":6,"column":4},"end":{"line":6,"column":27}},"1":{"start":{"line":7,"column":4},"end":{"line":7,"column":37}},"2":{"start":{"line":8,"column":4},"end":{"line":8,"column":34}},"3":{"start":{"line":9,"column":4},"end":{"line":9,"column":24}},"4":{"start":{"line":14,"column":21},"end":{"line":14,"column":42}},"5":{"start":{"line":17,"column":4},"end":{"line":25,"column":5}},"6":{"start":{"line":18,"column":21},"end":{"line":18,"column":45}},"7":{"start":{"line":19,"column":6},"end":{"line":24,"column":7}},"8":{"start":{"line":20,"column":8},"end":{"line":20,"column":60}},"9":{"start":{"line":21,"column":8},"end":{"line":21,"column":27}},"10":{"start":{"line":23,"column":8},"end":{"line":23,"column":36}},"11":{"start":{"line":28,"column":4},"end":{"line":31,"column":5}},"12":{"start":{"line":29,"column":6},"end":{"line":29,"column":72}},"13":{"start":{"line":30,"column":6},"end":{"line":30,"column":45}},"14":{"start":{"line":34,"column":25},"end":{"line":34,"column":56}},"15":{"start":{"line":35,"column":4},"end":{"line":35,"column":50}},"16":{"start":{"line":37,"column":4},"end":{"line":51,"column":5}},"17":{"start":{"line":38,"column":21},"end":{"line":38,"column":39}},"18":{"start":{"line":41,"column":6},"end":{"line":46,"column":7}},"19":{"start":{"line":42,"column":8},"end":{"line":45,"column":11}},"20":{"start":{"line":48,"column":6},"end":{"line":48,"column":20}},"21":{"start":{"line":50,"column":6},"end":{"line":50,"column":41}},"22":{"start":{"line":56,"column":59},"end":{"line":56,"column":66}},"23":{"start":{"line":58,"column":4},"end":{"line":107,"column":5}},"24":{"start":{"line":58,"column":23},"end":{"line":58,"column":24}},"25":{"start":{"line":59,"column":6},"end":{"line":106,"column":7}},"26":{"start":{"line":60,"column":8},"end":{"line":60,"column":80}},"27":{"start":{"line":62,"column":27},"end":{"line":62,"column":48}},"28":{"start":{"line":63,"column":26},"end":{"line":63,"column":71}},"29":{"start":{"line":63,"column":43},"end":{"line":63,"column":61}},"30":{"start":{"line":65,"column":25},"end":{"line":76,"column":10}},"31":{"start":{"line":78,"column":8},"end":{"line":78,"column":32}},"32":{"start":{"line":80,"column":8},"end":{"line":82,"column":9}},"33":{"start":{"line":81,"column":10},"end":{"line":81,"column":77}},"34":{"start":{"line":84,"column":21},"end":{"line":84,"column":42}},"35":{"start":{"line":86,"column":8},"end":{"line":91,"column":10}},"36":{"start":{"line":94,"column":8},"end":{"line":94,"column":85}},"37":{"start":{"line":96,"column":8},"end":{"line":102,"column":9}},"38":{"start":{"line":97,"column":10},"end":{"line":101,"column":12}},"39":{"start":{"line":105,"column":8},"end":{"line":105,"column":54}},"40":{"start":{"line":112,"column":34},"end":{"line":112,"column":41}},"41":{"start":{"line":113,"column":20},"end":{"line":113,"column":29}},"42":{"start":{"line":116,"column":4},"end":{"line":128,"column":5}},"43":{"start":{"line":116,"column":17},"end":{"line":116,"column":18}},"44":{"start":{"line":117,"column":20},"end":{"line":117,"column":52}},"45":{"start":{"line":118,"column":23},"end":{"line":121,"column":8}},"46":{"start":{"line":119,"column":23},"end":{"line":119,"column":64}},"47":{"start":{"line":120,"column":8},"end":{"line":120,"column":31}},"48":{"start":{"line":123,"column":27},"end":{"line":123,"column":54}},"49":{"start":{"line":125,"column":6},"end":{"line":127,"column":7}},"50":{"start":{"line":126,"column":8},"end":{"line":126,"column":33}},"51":{"start":{"line":130,"column":4},"end":{"line":130,"column":19}},"52":{"start":{"line":135,"column":4},"end":{"line":135,"column":23}},"53":{"start":{"line":136,"column":4},"end":{"line":136,"column":48}},"54":{"start":{"line":141,"column":16},"end":{"line":141,"column":26}},"55":{"start":{"line":142,"column":4},"end":{"line":146,"column":5}},"56":{"start":{"line":143,"column":6},"end":{"line":145,"column":7}},"57":{"start":{"line":144,"column":8},"end":{"line":144,"column":31}},"58":{"start":{"line":151,"column":4},"end":{"line":151,"column":29}},"59":{"start":{"line":156,"column":4},"end":{"line":156,"column":59}},"60":{"start":{"line":156,"column":34},"end":{"line":156,"column":57}},"61":{"start":{"line":161,"column":4},"end":{"line":164,"column":6}},"62":{"start":{"line":169,"column":21},"end":{"line":169,"column":39}},"63":{"start":{"line":172,"column":0},"end":{"line":192,"column":3}},"64":{"start":{"line":173,"column":2},"end":{"line":178,"column":3}},"65":{"start":{"line":174,"column":4},"end":{"line":176,"column":78}},"66":{"start":{"line":175,"column":22},"end":{"line":175,"column":42}},"67":{"start":{"line":176,"column":22},"end":{"line":176,"column":76}},"68":{"start":{"line":177,"column":4},"end":{"line":177,"column":16}},"69":{"start":{"line":180,"column":2},"end":{"line":185,"column":3}},"70":{"start":{"line":181,"column":4},"end":{"line":183,"column":78}},"71":{"start":{"line":182,"column":23},"end":{"line":182,"column":92}},"72":{"start":{"line":183,"column":22},"end":{"line":183,"column":76}},"73":{"start":{"line":184,"column":4},"end":{"line":184,"column":16}},"74":{"start":{"line":187,"column":2},"end":{"line":191,"column":3}},"75":{"start":{"line":188,"column":4},"end":{"line":188,"column":30}},"76":{"start":{"line":189,"column":4},"end":{"line":189,"column":36}},"77":{"start":{"line":190,"column":4},"end":{"line":190,"column":16}},"78":{"start":{"line":195,"column":0},"end":{"line":197,"column":10}},"79":{"start":{"line":196,"column":2},"end":{"line":196,"column":35}},"80":{"start":{"line":200,"column":0},"end":{"line":202,"column":1}},"81":{"start":{"line":201,"column":2},"end":{"line":201,"column":32}}},"fnMap":{"0":{"name":"(anonymous_0)","decl":{"start":{"line":5,"column":2},"end":{"line":5,"column":3}},"loc":{"start":{"line":5,"column":16},"end":{"line":10,"column":3}},"line":5},"1":{"name":"(anonymous_1)","decl":{"start":{"line":13,"column":2},"end":{"line":13,"column":3}},"loc":{"start":{"line":13,"column":44},"end":{"line":52,"column":3}},"line":13},"2":{"name":"(anonymous_2)","decl":{"start":{"line":55,"column":2},"end":{"line":55,"column":3}},"loc":{"start":{"line":55,"column":40},"end":{"line":108,"column":3}},"line":55},"3":{"name":"(anonymous_3)","decl":{"start":{"line":63,"column":37},"end":{"line":63,"column":38}},"loc":{"start":{"line":63,"column":43},"end":{"line":63,"column":61}},"line":63},"4":{"name":"(anonymous_4)","decl":{"start":{"line":111,"column":2},"end":{"line":111,"column":3}},"loc":{"start":{"line":111,"column":42},"end":{"line":131,"column":3}},"line":111},"5":{"name":"(anonymous_5)","decl":{"start":{"line":118,"column":33},"end":{"line":118,"column":34}},"loc":{"start":{"line":118,"column":48},"end":{"line":121,"column":7}},"line":118},"6":{"name":"(anonymous_6)","decl":{"start":{"line":134,"column":2},"end":{"line":134,"column":3}},"loc":{"start":{"line":134,"column":15},"end":{"line":137,"column":3}},"line":134},"7":{"name":"(anonymous_7)","decl":{"start":{"line":140,"column":2},"end":{"line":140,"column":3}},"loc":{"start":{"line":140,"column":22},"end":{"line":147,"column":3}},"line":140},"8":{"name":"(anonymous_8)","decl":{"start":{"line":150,"column":2},"end":{"line":150,"column":3}},"loc":{"start":{"line":150,"column":19},"end":{"line":152,"column":3}},"line":150},"9":{"name":"(anonymous_9)","decl":{"start":{"line":155,"column":2},"end":{"line":155,"column":3}},"loc":{"start":{"line":155,"column":12},"end":{"line":157,"column":3}},"line":155},"10":{"name":"(anonymous_10)","decl":{"start":{"line":156,"column":23},"end":{"line":156,"column":24}},"loc":{"start":{"line":156,"column":34},"end":{"line":156,"column":57}},"line":156},"11":{"name":"(anonymous_11)","decl":{"start":{"line":160,"column":2},"end":{"line":160,"column":3}},"loc":{"start":{"line":160,"column":18},"end":{"line":165,"column":3}},"line":160},"12":{"name":"(anonymous_12)","decl":{"start":{"line":172,"column":37},"end":{"line":172,"column":38}},"loc":{"start":{"line":172,"column":72},"end":{"line":192,"column":1}},"line":172},"13":{"name":"(anonymous_13)","decl":{"start":{"line":175,"column":12},"end":{"line":175,"column":13}},"loc":{"start":{"line":175,"column":22},"end":{"line":175,"column":42}},"line":175},"14":{"name":"(anonymous_14)","decl":{"start":{"line":176,"column":13},"end":{"line":176,"column":14}},"loc":{"start":{"line":176,"column":22},"end":{"line":176,"column":76}},"line":176},"15":{"name":"(anonymous_15)","decl":{"start":{"line":182,"column":12},"end":{"line":182,"column":13}},"loc":{"start":{"line":182,"column":23},"end":{"line":182,"column":92}},"line":182},"16":{"name":"(anonymous_16)","decl":{"start":{"line":183,"column":13},"end":{"line":183,"column":14}},"loc":{"start":{"line":183,"column":22},"end":{"line":183,"column":76}},"line":183},"17":{"name":"(anonymous_17)","decl":{"start":{"line":195,"column":12},"end":{"line":195,"column":13}},"loc":{"start":{"line":195,"column":18},"end":{"line":197,"column":1}},"line":195}},"branchMap":{"0":{"loc":{"start":{"line":13,"column":30},"end":{"line":13,"column":42}},"type":"default-arg","locations":[{"start":{"line":13,"column":40},"end":{"line":13,"column":42}}],"line":13},"1":{"loc":{"start":{"line":17,"column":4},"end":{"line":25,"column":5}},"type":"if","locations":[{"start":{"line":17,"column":4},"end":{"line":25,"column":5}},{"start":{},"end":{}}],"line":17},"2":{"loc":{"start":{"line":19,"column":6},"end":{"line":24,"column":7}},"type":"if","locations":[{"start":{"line":19,"column":6},"end":{"line":24,"column":7}},{"start":{"line":22,"column":13},"end":{"line":24,"column":7}}],"line":19},"3":{"loc":{"start":{"line":28,"column":4},"end":{"line":31,"column":5}},"type":"if","locations":[{"start":{"line":28,"column":4},"end":{"line":31,"column":5}},{"start":{},"end":{}}],"line":28},"4":{"loc":{"start":{"line":41,"column":6},"end":{"line":46,"column":7}},"type":"if","locations":[{"start":{"line":41,"column":6},"end":{"line":46,"column":7}},{"start":{},"end":{}}],"line":41},"5":{"loc":{"start":{"line":41,"column":10},"end":{"line":41,"column":31}},"type":"binary-expr","locations":[{"start":{"line":41,"column":10},"end":{"line":41,"column":16}},{"start":{"line":41,"column":20},"end":{"line":41,"column":31}}],"line":41},"6":{"loc":{"start":{"line":55,"column":26},"end":{"line":55,"column":38}},"type":"default-arg","locations":[{"start":{"line":55,"column":36},"end":{"line":55,"column":38}}],"line":55},"7":{"loc":{"start":{"line":56,"column":12},"end":{"line":56,"column":37}},"type":"default-arg","locations":[{"start":{"line":56,"column":22},"end":{"line":56,"column":37}}],"line":56},"8":{"loc":{"start":{"line":56,"column":39},"end":{"line":56,"column":54}},"type":"default-arg","locations":[{"start":{"line":56,"column":49},"end":{"line":56,"column":54}}],"line":56},"9":{"loc":{"start":{"line":80,"column":8},"end":{"line":82,"column":9}},"type":"if","locations":[{"start":{"line":80,"column":8},"end":{"line":82,"column":9}},{"start":{},"end":{}}],"line":80},"10":{"loc":{"start":{"line":96,"column":8},"end":{"line":102,"column":9}},"type":"if","locations":[{"start":{"line":96,"column":8},"end":{"line":102,"column":9}},{"start":{},"end":{}}],"line":96},"11":{"loc":{"start":{"line":111,"column":28},"end":{"line":111,"column":40}},"type":"default-arg","locations":[{"start":{"line":111,"column":38},"end":{"line":111,"column":40}}],"line":111},"12":{"loc":{"start":{"line":112,"column":12},"end":{"line":112,"column":29}},"type":"default-arg","locations":[{"start":{"line":112,"column":28},"end":{"line":112,"column":29}}],"line":112},"13":{"loc":{"start":{"line":143,"column":6},"end":{"line":145,"column":7}},"type":"if","locations":[{"start":{"line":143,"column":6},"end":{"line":145,"column":7}},{"start":{},"end":{}}],"line":143},"14":{"loc":{"start":{"line":173,"column":2},"end":{"line":178,"column":3}},"type":"if","locations":[{"start":{"line":173,"column":2},"end":{"line":178,"column":3}},{"start":{},"end":{}}],"line":173},"15":{"loc":{"start":{"line":180,"column":2},"end":{"line":185,"column":3}},"type":"if","locations":[{"start":{"line":180,"column":2},"end":{"line":185,"column":3}},{"start":{},"end":{}}],"line":180},"16":{"loc":{"start":{"line":187,"column":2},"end":{"line":191,"column":3}},"type":"if","locations":[{"start":{"line":187,"column":2},"end":{"line":191,"column":3}},{"start":{},"end":{}}],"line":187},"17":{"loc":{"start":{"line":200,"column":0},"end":{"line":202,"column":1}},"type":"if","locations":[{"start":{"line":200,"column":0},"end":{"line":202,"column":1}},{"start":{},"end":{}}],"line":200},"18":{"loc":{"start":{"line":200,"column":4},"end":{"line":200,"column":51}},"type":"binary-expr","locations":[{"start":{"line":200,"column":4},"end":{"line":200,"column":33}},{"start":{"line":200,"column":37},"end":{"line":200,"column":51}}],"line":200}},"s":{"0":0,"1":0,"2":0,"3":0,"4":0,"5":0,"6":0,"7":0,"8":0,"9":0,"10":0,"11":0,"12":0,"13":0,"14":0,"15":0,"16":0,"17":0,"18":0,"19":0,"20":0,"21":0,"22":0,"23":0,"24":0,"25":0,"26":0,"27":0,"28":0,"29":0,"30":0,"31":0,"32":0,"33":0,"34":0,"35":0,"36":0,"37":0,"38":0,"39":0,"40":0,"41":0,"42":0,"43":0,"44":0,"45":0,"46":0,"47":0,"48":0,"49":0,"50":0,"51":0,"52":0,"53":0,"54":0,"55":0,"56":0,"57":0,"58":0,"59":0,"60":0,"61":0,"62":0,"63":0,"64":0,"65":0,"66":0,"67":0,"68":0,"69":0,"70":0,"71":0,"72":0,"73":0,"74":0,"75":0,"76":0,"77":0,"78":0,"79":0,"80":0,"81":0},"f":{"0":0,"1":0,"2":0,"3":0,"4":0,"5":0,"6":0,"7":0,"8":0,"9":0,"10":0,"11":0,"12":0,"13":0,"14":0,"15":0,"16":0,"17":0},"b":{"0":[0],"1":[0,0],"2":[0,0],"3":[0,0],"4":[0,0],"5":[0,0],"6":[0],"7":[0],"8":[0],"9":[0,0],"10":[0,0],"11":[0],"12":[0],"13":[0,0],"14":[0,0],"15":[0,0],"16":[0,0],"17":[0,0],"18":[0,0]}}
,"D:\\JONY\\C'mon Bro\\2026\\AMD slingshot\\kiro\\background\\training-scheduler.js": {"path":"D:\\JONY\\C'mon Bro\\2026\\AMD slingshot\\kiro\\background\\training-scheduler.js","statementMap":{"0":{"start":{"line":5,"column":0},"end":{"line":7,"column":3}},"1":{"start":{"line":9,"column":0},"end":{"line":13,"column":3}},"2":{"start":{"line":10,"column":2},"end":{"line":12,"column":3}},"3":{"start":{"line":11,"column":4},"end":{"line":11,"column":31}},"4":{"start":{"line":16,"column":2},"end":{"line":56,"column":3}},"5":{"start":{"line":18,"column":19},"end":{"line":18,"column":89}},"6":{"start":{"line":20,"column":16},"end":{"line":20,"column":26}},"7":{"start":{"line":21,"column":22},"end":{"line":21,"column":51}},"8":{"start":{"line":24,"column":4},"end":{"line":26,"column":5}},"9":{"start":{"line":25,"column":6},"end":{"line":25,"column":13}},"10":{"start":{"line":28,"column":4},"end":{"line":28,"column":63}},"11":{"start":{"line":31,"column":18},"end":{"line":31,"column":38}},"12":{"start":{"line":33,"column":4},"end":{"line":52,"column":5}},"13":{"start":{"line":34,"column":6},"end":{"line":34,"column":97}},"14":{"start":{"line":37,"column":19},"end":{"line":37,"column":60}},"15":{"start":{"line":39,"column":6},"end":{"line":51,"column":7}},"16":{"start":{"line":40,"column":8},"end":{"line":50,"column":9}},"17":{"start":{"line":41,"column":10},"end":{"line":49,"column":11}},"18":{"start":{"line":42,"column":12},"end":{"line":45,"column":15}},"19":{"start":{"line":48,"column":12},"end":{"line":48,"column":77}},"20":{"start":{"line":55,"column":4},"end":{"line":55,"column":73}},"21":{"start":{"line":60,"column":24},"end":{"line":64,"column":3}},"22":{"start":{"line":66,"column":2},"end":{"line":66,"column":56}},"23":{"start":{"line":66,"column":36},"end":{"line":66,"column":54}},"24":{"start":{"line":70,"column":0},"end":{"line":73,"column":3}},"25":{"start":{"line":71,"column":2},"end":{"line":71,"column":49}},"26":{"start":{"line":72,"column":2},"end":{"line":72,"column":29}},"27":{"start":{"line":76,"column":0},"end":{"line":79,"column":3}},"28":{"start":{"line":77,"column":2},"end":{"line":77,"column":72}},"29":{"start":{"line":78,"column":2},"end":{"line":78,"column":29}}},"fnMap":{"0":{"name":"(anonymous_0)","decl":{"start":{"line":9,"column":34},"end":{"line":9,"column":35}},"loc":{"start":{"line":9,"column":45},"end":{"line":13,"column":1}},"line":9},"1":{"name":"checkAndScheduleTraining","decl":{"start":{"line":15,"column":15},"end":{"line":15,"column":39}},"loc":{"start":{"line":15,"column":42},"end":{"line":57,"column":1}},"line":15},"2":{"name":"isShoppingSite","decl":{"start":{"line":59,"column":9},"end":{"line":59,"column":23}},"loc":{"start":{"line":59,"column":29},"end":{"line":67,"column":1}},"line":59},"3":{"name":"(anonymous_3)","decl":{"start":{"line":66,"column":28},"end":{"line":66,"column":29}},"loc":{"start":{"line":66,"column":36},"end":{"line":66,"column":54}},"line":66},"4":{"name":"(anonymous_4)","decl":{"start":{"line":70,"column":39},"end":{"line":70,"column":40}},"loc":{"start":{"line":70,"column":45},"end":{"line":73,"column":1}},"line":70},"5":{"name":"(anonymous_5)","decl":{"start":{"line":76,"column":37},"end":{"line":76,"column":38}},"loc":{"start":{"line":76,"column":43},"end":{"line":79,"column":1}},"line":76}},"branchMap":{"0":{"loc":{"start":{"line":10,"column":2},"end":{"line":12,"column":3}},"type":"if","locations":[{"start":{"line":10,"column":2},"end":{"line":12,"column":3}},{"start":{},"end":{}}],"line":10},"1":{"loc":{"start":{"line":21,"column":22},"end":{"line":21,"column":51}},"type":"binary-expr","locations":[{"start":{"line":21,"column":22},"end":{"line":21,"column":46}},{"start":{"line":21,"column":50},"end":{"line":21,"column":51}}],"line":21},"2":{"loc":{"start":{"line":24,"column":4},"end":{"line":26,"column":5}},"type":"if","locations":[{"start":{"line":24,"column":4},"end":{"line":26,"column":5}},{"start":{},"end":{}}],"line":24},"3":{"loc":{"start":{"line":33,"column":4},"end":{"line":52,"column":5}},"type":"if","locations":[{"start":{"line":33,"column":4},"end":{"line":52,"column":5}},{"start":{},"end":{}}],"line":33},"4":{"loc":{"start":{"line":33,"column":8},"end":{"line":33,"column":39}},"type":"binary-expr","locations":[{"start":{"line":33,"column":8},"end":{"line":33,"column":13}},{"start":{"line":33,"column":17},"end":{"line":33,"column":39}}],"line":33},"5":{"loc":{"start":{"line":40,"column":8},"end":{"line":50,"column":9}},"type":"if","locations":[{"start":{"line":40,"column":8},"end":{"line":50,"column":9}},{"start":{},"end":{}}],"line":40},"6":{"loc":{"start":{"line":40,"column":12},"end":{"line":40,"column":46}},"type":"binary-expr","locations":[{"start":{"line":40,"column":12},"end":{"line":40,"column":19}},{"start":{"line":40,"column":23},"end":{"line":40,"column":46}}],"line":40}},"s":{"0":0,"1":0,"2":0,"3":0,"4":0,"5":0,"6":0,"7":0,"8":0,"9":0,"10":0,"11":0,"12":0,"13":0,"14":0,"15":0,"16":0,"17":0,"18":0,"19":0,"20":0,"21":0,"22":0,"23":0,"24":0,"25":0,"26":0,"27":0,"28":0,"29":0},"f":{"0":0,"1":0,"2":0,"3":0,"4":0,"5":0},"b":{"0":[0,0],"1":[0,0],"2":[0,0],"3":[0,0],"4":[0,0],"5":[0,0],"6":[0,0]}}
,"D:\\JONY\\C'mon Bro\\2026\\AMD slingshot\\kiro\\content\\content.js": {"path":"D:\\JONY\\C'mon Bro\\2026\\AMD slingshot\\kiro\\content\\content.js","statementMap":{"0":{"start":{"line":2,"column":15},"end":{"line":2,"column":17}},"1":{"start":{"line":3,"column":21},"end":{"line":3,"column":30}},"2":{"start":{"line":4,"column":20},"end":{"line":4,"column":73}},"3":{"start":{"line":5,"column":23},"end":{"line":5,"column":66}},"4":{"start":{"line":6,"column":19},"end":{"line":6,"column":95}},"5":{"start":{"line":9,"column":22},"end":{"line":9,"column":26}},"6":{"start":{"line":10,"column":19},"end":{"line":10,"column":23}},"7":{"start":{"line":14,"column":2},"end":{"line":51,"column":5}},"8":{"start":{"line":15,"column":4},"end":{"line":19,"column":5}},"9":{"start":{"line":16,"column":6},"end":{"line":16,"column":58}},"10":{"start":{"line":17,"column":6},"end":{"line":17,"column":16}},"11":{"start":{"line":18,"column":6},"end":{"line":18,"column":13}},"12":{"start":{"line":21,"column":4},"end":{"line":21,"column":61}},"13":{"start":{"line":22,"column":19},"end":{"line":22,"column":51}},"14":{"start":{"line":23,"column":4},"end":{"line":23,"column":90}},"15":{"start":{"line":24,"column":4},"end":{"line":24,"column":37}},"16":{"start":{"line":26,"column":4},"end":{"line":36,"column":6}},"17":{"start":{"line":27,"column":6},"end":{"line":27,"column":65}},"18":{"start":{"line":29,"column":6},"end":{"line":35,"column":14}},"19":{"start":{"line":30,"column":8},"end":{"line":34,"column":9}},"20":{"start":{"line":31,"column":10},"end":{"line":31,"column":20}},"21":{"start":{"line":33,"column":10},"end":{"line":33,"column":68}},"22":{"start":{"line":38,"column":4},"end":{"line":41,"column":6}},"23":{"start":{"line":39,"column":6},"end":{"line":39,"column":79}},"24":{"start":{"line":40,"column":6},"end":{"line":40,"column":104}},"25":{"start":{"line":43,"column":4},"end":{"line":43,"column":38}},"26":{"start":{"line":46,"column":4},"end":{"line":50,"column":14}},"27":{"start":{"line":47,"column":6},"end":{"line":49,"column":7}},"28":{"start":{"line":48,"column":8},"end":{"line":48,"column":85}},"29":{"start":{"line":55,"column":0},"end":{"line":55,"column":7}},"30":{"start":{"line":58,"column":2},"end":{"line":58,"column":23}},"31":{"start":{"line":59,"column":2},"end":{"line":59,"column":13}},"32":{"start":{"line":60,"column":2},"end":{"line":60,"column":18}},"33":{"start":{"line":61,"column":2},"end":{"line":61,"column":19}},"34":{"start":{"line":65,"column":0},"end":{"line":67,"column":2}},"35":{"start":{"line":66,"column":2},"end":{"line":66,"column":59}},"36":{"start":{"line":70,"column":2},"end":{"line":91,"column":5}},"37":{"start":{"line":71,"column":4},"end":{"line":90,"column":7}},"38":{"start":{"line":80,"column":6},"end":{"line":88,"column":8}},"39":{"start":{"line":89,"column":6},"end":{"line":89,"column":16}},"40":{"start":{"line":96,"column":16},"end":{"line":96,"column":45}},"41":{"start":{"line":97,"column":2},"end":{"line":97,"column":25}},"42":{"start":{"line":98,"column":2},"end":{"line":132,"column":4}},"43":{"start":{"line":133,"column":2},"end":{"line":133,"column":35}},"44":{"start":{"line":136,"column":21},"end":{"line":136,"column":25}},"45":{"start":{"line":137,"column":23},"end":{"line":137,"column":27}},"46":{"start":{"line":138,"column":22},"end":{"line":138,"column":27}},"47":{"start":{"line":139,"column":26},"end":{"line":139,"column":31}},"48":{"start":{"line":140,"column":23},"end":{"line":140,"column":27}},"49":{"start":{"line":142,"column":24},"end":{"line":142,"column":66}},"50":{"start":{"line":143,"column":23},"end":{"line":143,"column":64}},"51":{"start":{"line":144,"column":26},"end":{"line":144,"column":70}},"52":{"start":{"line":145,"column":25},"end":{"line":145,"column":65}},"53":{"start":{"line":146,"column":25},"end":{"line":146,"column":65}},"54":{"start":{"line":147,"column":16},"end":{"line":147,"column":50}},"55":{"start":{"line":148,"column":17},"end":{"line":148,"column":51}},"56":{"start":{"line":149,"column":25},"end":{"line":149,"column":67}},"57":{"start":{"line":152,"column":2},"end":{"line":160,"column":5}},"58":{"start":{"line":153,"column":4},"end":{"line":159,"column":5}},"59":{"start":{"line":155,"column":6},"end":{"line":155,"column":19}},"60":{"start":{"line":158,"column":6},"end":{"line":158,"column":26}},"61":{"start":{"line":163,"column":2},"end":{"line":166,"column":5}},"62":{"start":{"line":164,"column":4},"end":{"line":164,"column":17}},"63":{"start":{"line":165,"column":4},"end":{"line":165,"column":41}},"64":{"start":{"line":169,"column":4},"end":{"line":169,"column":35}},"65":{"start":{"line":169,"column":23},"end":{"line":169,"column":35}},"66":{"start":{"line":171,"column":4},"end":{"line":227,"column":5}},"67":{"start":{"line":172,"column":6},"end":{"line":172,"column":68}},"68":{"start":{"line":173,"column":6},"end":{"line":173,"column":43}},"69":{"start":{"line":175,"column":6},"end":{"line":175,"column":69}},"70":{"start":{"line":178,"column":6},"end":{"line":178,"column":32}},"71":{"start":{"line":180,"column":6},"end":{"line":180,"column":78}},"72":{"start":{"line":182,"column":6},"end":{"line":184,"column":7}},"73":{"start":{"line":183,"column":8},"end":{"line":183,"column":80}},"74":{"start":{"line":186,"column":6},"end":{"line":186,"column":76}},"75":{"start":{"line":187,"column":6},"end":{"line":187,"column":68}},"76":{"start":{"line":189,"column":24},"end":{"line":189,"column":81}},"77":{"start":{"line":192,"column":6},"end":{"line":192,"column":58}},"78":{"start":{"line":193,"column":6},"end":{"line":193,"column":65}},"79":{"start":{"line":195,"column":6},"end":{"line":195,"column":59}},"80":{"start":{"line":196,"column":6},"end":{"line":196,"column":66}},"81":{"start":{"line":198,"column":6},"end":{"line":198,"column":59}},"82":{"start":{"line":199,"column":6},"end":{"line":199,"column":66}},"83":{"start":{"line":201,"column":6},"end":{"line":201,"column":27}},"84":{"start":{"line":202,"column":6},"end":{"line":202,"column":32}},"85":{"start":{"line":203,"column":6},"end":{"line":203,"column":63}},"86":{"start":{"line":204,"column":6},"end":{"line":204,"column":78}},"87":{"start":{"line":205,"column":6},"end":{"line":205,"column":43}},"88":{"start":{"line":206,"column":6},"end":{"line":206,"column":18}},"89":{"start":{"line":209,"column":6},"end":{"line":209,"column":63}},"90":{"start":{"line":210,"column":6},"end":{"line":210,"column":75}},"91":{"start":{"line":213,"column":6},"end":{"line":213,"column":89}},"92":{"start":{"line":214,"column":6},"end":{"line":214,"column":31}},"93":{"start":{"line":215,"column":6},"end":{"line":215,"column":51}},"94":{"start":{"line":217,"column":6},"end":{"line":224,"column":8}},"95":{"start":{"line":226,"column":6},"end":{"line":226,"column":18}},"96":{"start":{"line":231,"column":4},"end":{"line":296,"column":5}},"97":{"start":{"line":232,"column":6},"end":{"line":232,"column":37}},"98":{"start":{"line":233,"column":6},"end":{"line":233,"column":50}},"99":{"start":{"line":236,"column":21},"end":{"line":236,"column":46}},"100":{"start":{"line":237,"column":6},"end":{"line":241,"column":7}},"101":{"start":{"line":238,"column":8},"end":{"line":238,"column":40}},"102":{"start":{"line":239,"column":8},"end":{"line":239,"column":55}},"103":{"start":{"line":240,"column":8},"end":{"line":240,"column":15}},"104":{"start":{"line":243,"column":6},"end":{"line":243,"column":66}},"105":{"start":{"line":244,"column":6},"end":{"line":244,"column":43}},"106":{"start":{"line":247,"column":6},"end":{"line":253,"column":9}},"107":{"start":{"line":255,"column":6},"end":{"line":255,"column":37}},"108":{"start":{"line":257,"column":6},"end":{"line":277,"column":8}},"109":{"start":{"line":258,"column":8},"end":{"line":258,"column":21}},"110":{"start":{"line":259,"column":8},"end":{"line":259,"column":40}},"111":{"start":{"line":260,"column":8},"end":{"line":260,"column":42}},"112":{"start":{"line":263,"column":8},"end":{"line":263,"column":44}},"113":{"start":{"line":264,"column":8},"end":{"line":264,"column":48}},"114":{"start":{"line":266,"column":8},"end":{"line":266,"column":70}},"115":{"start":{"line":267,"column":8},"end":{"line":267,"column":54}},"116":{"start":{"line":268,"column":8},"end":{"line":268,"column":40}},"117":{"start":{"line":270,"column":8},"end":{"line":270,"column":71}},"118":{"start":{"line":273,"column":8},"end":{"line":273,"column":64}},"119":{"start":{"line":276,"column":8},"end":{"line":276,"column":45}},"120":{"start":{"line":280,"column":6},"end":{"line":280,"column":46}},"121":{"start":{"line":282,"column":6},"end":{"line":282,"column":43}},"122":{"start":{"line":283,"column":6},"end":{"line":283,"column":45}},"123":{"start":{"line":285,"column":6},"end":{"line":291,"column":7}},"124":{"start":{"line":286,"column":8},"end":{"line":286,"column":93}},"125":{"start":{"line":287,"column":13},"end":{"line":291,"column":7}},"126":{"start":{"line":288,"column":8},"end":{"line":288,"column":71}},"127":{"start":{"line":290,"column":8},"end":{"line":290,"column":70}},"128":{"start":{"line":292,"column":6},"end":{"line":292,"column":43}},"129":{"start":{"line":294,"column":6},"end":{"line":294,"column":38}},"130":{"start":{"line":295,"column":6},"end":{"line":295,"column":53}},"131":{"start":{"line":300,"column":4},"end":{"line":303,"column":5}},"132":{"start":{"line":301,"column":6},"end":{"line":301,"column":62}},"133":{"start":{"line":301,"column":48},"end":{"line":301,"column":60}},"134":{"start":{"line":302,"column":6},"end":{"line":302,"column":26}},"135":{"start":{"line":305,"column":4},"end":{"line":308,"column":5}},"136":{"start":{"line":306,"column":6},"end":{"line":306,"column":36}},"137":{"start":{"line":307,"column":6},"end":{"line":307,"column":28}},"138":{"start":{"line":310,"column":4},"end":{"line":310,"column":27}},"139":{"start":{"line":311,"column":16},"end":{"line":311,"column":39}},"140":{"start":{"line":312,"column":4},"end":{"line":312,"column":53}},"141":{"start":{"line":314,"column":4},"end":{"line":314,"column":43}},"142":{"start":{"line":315,"column":4},"end":{"line":315,"column":41}},"143":{"start":{"line":316,"column":4},"end":{"line":316,"column":81}},"144":{"start":{"line":317,"column":4},"end":{"line":317,"column":38}},"145":{"start":{"line":319,"column":4},"end":{"line":319,"column":51}},"146":{"start":{"line":320,"column":4},"end":{"line":320,"column":36}},"147":{"start":{"line":324,"column":4},"end":{"line":326,"column":5}},"148":{"start":{"line":325,"column":6},"end":{"line":325,"column":13}},"149":{"start":{"line":328,"column":4},"end":{"line":445,"column":5}},"150":{"start":{"line":331,"column":6},"end":{"line":408,"column":7}},"151":{"start":{"line":333,"column":23},"end":{"line":333,"column":64}},"152":{"start":{"line":335,"column":8},"end":{"line":346,"column":9}},"153":{"start":{"line":336,"column":10},"end":{"line":336,"column":43}},"154":{"start":{"line":337,"column":10},"end":{"line":337,"column":56}},"155":{"start":{"line":339,"column":10},"end":{"line":339,"column":84}},"156":{"start":{"line":341,"column":10},"end":{"line":344,"column":12}},"157":{"start":{"line":345,"column":10},"end":{"line":345,"column":17}},"158":{"start":{"line":350,"column":27},"end":{"line":356,"column":32}},"159":{"start":{"line":358,"column":20},"end":{"line":358,"column":43}},"160":{"start":{"line":359,"column":8},"end":{"line":359,"column":57}},"161":{"start":{"line":361,"column":8},"end":{"line":407,"column":9}},"162":{"start":{"line":363,"column":22},"end":{"line":363,"column":46}},"163":{"start":{"line":364,"column":10},"end":{"line":364,"column":38}},"164":{"start":{"line":365,"column":10},"end":{"line":365,"column":28}},"165":{"start":{"line":366,"column":10},"end":{"line":366,"column":62}},"166":{"start":{"line":369,"column":30},"end":{"line":369,"column":52}},"167":{"start":{"line":371,"column":32},"end":{"line":379,"column":11}},"168":{"start":{"line":381,"column":30},"end":{"line":381,"column":31}},"169":{"start":{"line":383,"column":10},"end":{"line":388,"column":11}},"170":{"start":{"line":384,"column":12},"end":{"line":387,"column":13}},"171":{"start":{"line":385,"column":14},"end":{"line":385,"column":41}},"172":{"start":{"line":386,"column":14},"end":{"line":386,"column":40}},"173":{"start":{"line":391,"column":10},"end":{"line":394,"column":11}},"174":{"start":{"line":392,"column":12},"end":{"line":392,"column":40}},"175":{"start":{"line":393,"column":12},"end":{"line":393,"column":82}},"176":{"start":{"line":396,"column":10},"end":{"line":396,"column":52}},"177":{"start":{"line":398,"column":10},"end":{"line":398,"column":88}},"178":{"start":{"line":401,"column":10},"end":{"line":405,"column":12}},"179":{"start":{"line":406,"column":10},"end":{"line":406,"column":17}},"180":{"start":{"line":411,"column":23},"end":{"line":420,"column":7}},"181":{"start":{"line":422,"column":20},"end":{"line":422,"column":45}},"182":{"start":{"line":425,"column":6},"end":{"line":430,"column":8}},"183":{"start":{"line":433,"column":6},"end":{"line":433,"column":46}},"184":{"start":{"line":436,"column":6},"end":{"line":441,"column":9}},"185":{"start":{"line":444,"column":6},"end":{"line":444,"column":56}},"186":{"start":{"line":449,"column":2},"end":{"line":453,"column":5}},"187":{"start":{"line":450,"column":4},"end":{"line":452,"column":5}},"188":{"start":{"line":451,"column":6},"end":{"line":451,"column":44}},"189":{"start":{"line":456,"column":2},"end":{"line":458,"column":5}},"190":{"start":{"line":457,"column":4},"end":{"line":457,"column":40}},"191":{"start":{"line":461,"column":2},"end":{"line":472,"column":5}},"192":{"start":{"line":462,"column":4},"end":{"line":471,"column":7}},"193":{"start":{"line":463,"column":27},"end":{"line":463,"column":52}},"194":{"start":{"line":464,"column":6},"end":{"line":464,"column":42}},"195":{"start":{"line":467,"column":6},"end":{"line":467,"column":82}},"196":{"start":{"line":468,"column":6},"end":{"line":470,"column":15}},"197":{"start":{"line":469,"column":8},"end":{"line":469,"column":86}},"198":{"start":{"line":475,"column":2},"end":{"line":479,"column":5}},"199":{"start":{"line":476,"column":4},"end":{"line":478,"column":5}},"200":{"start":{"line":477,"column":6},"end":{"line":477,"column":75}},"201":{"start":{"line":483,"column":2},"end":{"line":483,"column":31}},"202":{"start":{"line":483,"column":24},"end":{"line":483,"column":31}},"203":{"start":{"line":485,"column":2},"end":{"line":490,"column":3}},"204":{"start":{"line":486,"column":4},"end":{"line":486,"column":56}},"205":{"start":{"line":487,"column":4},"end":{"line":487,"column":62}},"206":{"start":{"line":489,"column":4},"end":{"line":489,"column":64}},"207":{"start":{"line":494,"column":2},"end":{"line":494,"column":71}},"208":{"start":{"line":495,"column":2},"end":{"line":495,"column":43}},"209":{"start":{"line":498,"column":24},"end":{"line":498,"column":41}},"210":{"start":{"line":499,"column":2},"end":{"line":499,"column":55}},"211":{"start":{"line":501,"column":2},"end":{"line":507,"column":3}},"212":{"start":{"line":502,"column":4},"end":{"line":506,"column":5}},"213":{"start":{"line":503,"column":6},"end":{"line":503,"column":30}},"214":{"start":{"line":505,"column":6},"end":{"line":505,"column":25}},"215":{"start":{"line":509,"column":2},"end":{"line":512,"column":3}},"216":{"start":{"line":510,"column":4},"end":{"line":510,"column":47}},"217":{"start":{"line":511,"column":4},"end":{"line":511,"column":24}},"218":{"start":{"line":515,"column":2},"end":{"line":537,"column":3}},"219":{"start":{"line":516,"column":4},"end":{"line":519,"column":5}},"220":{"start":{"line":517,"column":6},"end":{"line":517,"column":52}},"221":{"start":{"line":518,"column":6},"end":{"line":518,"column":29}},"222":{"start":{"line":521,"column":4},"end":{"line":524,"column":5}},"223":{"start":{"line":522,"column":6},"end":{"line":522,"column":55}},"224":{"start":{"line":523,"column":6},"end":{"line":523,"column":27}},"225":{"start":{"line":526,"column":4},"end":{"line":529,"column":5}},"226":{"start":{"line":527,"column":6},"end":{"line":527,"column":56}},"227":{"start":{"line":528,"column":6},"end":{"line":528,"column":31}},"228":{"start":{"line":531,"column":4},"end":{"line":534,"column":5}},"229":{"start":{"line":532,"column":6},"end":{"line":532,"column":53}},"230":{"start":{"line":533,"column":6},"end":{"line":533,"column":30}},"231":{"start":{"line":536,"column":4},"end":{"line":536,"column":81}},"232":{"start":{"line":542,"column":2},"end":{"line":542,"column":68}},"233":{"start":{"line":544,"column":2},"end":{"line":562,"column":3}},"234":{"start":{"line":546,"column":4},"end":{"line":548,"column":5}},"235":{"start":{"line":547,"column":6},"end":{"line":547,"column":46}},"236":{"start":{"line":550,"column":4},"end":{"line":550,"column":58}},"237":{"start":{"line":552,"column":4},"end":{"line":552,"column":79}},"238":{"start":{"line":555,"column":4},"end":{"line":555,"column":27}},"239":{"start":{"line":558,"column":4},"end":{"line":558,"column":75}},"240":{"start":{"line":561,"column":4},"end":{"line":561,"column":34}},"241":{"start":{"line":566,"column":2},"end":{"line":566,"column":67}},"242":{"start":{"line":568,"column":2},"end":{"line":574,"column":5}},"243":{"start":{"line":569,"column":4},"end":{"line":569,"column":30}},"244":{"start":{"line":570,"column":4},"end":{"line":570,"column":44}},"245":{"start":{"line":571,"column":4},"end":{"line":571,"column":29}},"246":{"start":{"line":572,"column":4},"end":{"line":572,"column":65}},"247":{"start":{"line":573,"column":4},"end":{"line":573,"column":22}},"248":{"start":{"line":576,"column":2},"end":{"line":582,"column":5}},"249":{"start":{"line":577,"column":4},"end":{"line":577,"column":27}},"250":{"start":{"line":578,"column":4},"end":{"line":578,"column":44}},"251":{"start":{"line":579,"column":4},"end":{"line":579,"column":26}},"252":{"start":{"line":580,"column":4},"end":{"line":580,"column":65}},"253":{"start":{"line":581,"column":4},"end":{"line":581,"column":22}},"254":{"start":{"line":584,"column":2},"end":{"line":589,"column":5}},"255":{"start":{"line":585,"column":4},"end":{"line":585,"column":34}},"256":{"start":{"line":586,"column":4},"end":{"line":586,"column":47}},"257":{"start":{"line":587,"column":4},"end":{"line":587,"column":65}},"258":{"start":{"line":588,"column":4},"end":{"line":588,"column":22}},"259":{"start":{"line":591,"column":2},"end":{"line":594,"column":5}},"260":{"start":{"line":592,"column":4},"end":{"line":592,"column":27}},"261":{"start":{"line":593,"column":4},"end":{"line":593,"column":65}},"262":{"start":{"line":596,"column":2},"end":{"line":596,"column":37}},"263":{"start":{"line":600,"column":2},"end":{"line":600,"column":31}},"264":{"start":{"line":600,"column":24},"end":{"line":600,"column":31}},"265":{"start":{"line":602,"column":2},"end":{"line":622,"column":3}},"266":{"start":{"line":603,"column":18},"end":{"line":603,"column":58}},"267":{"start":{"line":605,"column":4},"end":{"line":619,"column":5}},"268":{"start":{"line":606,"column":20},"end":{"line":606,"column":56}},"269":{"start":{"line":607,"column":6},"end":{"line":618,"column":7}},"270":{"start":{"line":608,"column":26},"end":{"line":608,"column":69}},"271":{"start":{"line":609,"column":8},"end":{"line":617,"column":9}},"272":{"start":{"line":610,"column":10},"end":{"line":616,"column":12}},"273":{"start":{"line":621,"column":4},"end":{"line":621,"column":70}},"274":{"start":{"line":625,"column":2},"end":{"line":625,"column":42}},"275":{"start":{"line":629,"column":14},"end":{"line":629,"column":24}},"276":{"start":{"line":630,"column":32},"end":{"line":630,"column":105}},"277":{"start":{"line":633,"column":16},"end":{"line":633,"column":25}},"278":{"start":{"line":635,"column":2},"end":{"line":643,"column":3}},"279":{"start":{"line":636,"column":4},"end":{"line":636,"column":24}},"280":{"start":{"line":637,"column":9},"end":{"line":643,"column":3}},"281":{"start":{"line":638,"column":4},"end":{"line":638,"column":22}},"282":{"start":{"line":639,"column":9},"end":{"line":643,"column":3}},"283":{"start":{"line":640,"column":4},"end":{"line":640,"column":24}},"284":{"start":{"line":641,"column":9},"end":{"line":643,"column":3}},"285":{"start":{"line":642,"column":4},"end":{"line":642,"column":26}},"286":{"start":{"line":645,"column":2},"end":{"line":645,"column":25}},"287":{"start":{"line":648,"column":2},"end":{"line":651,"column":3}},"288":{"start":{"line":649,"column":4},"end":{"line":649,"column":67}},"289":{"start":{"line":650,"column":4},"end":{"line":650,"column":60}},"290":{"start":{"line":655,"column":2},"end":{"line":655,"column":59}},"291":{"start":{"line":658,"column":2},"end":{"line":658,"column":22}},"292":{"start":{"line":661,"column":2},"end":{"line":673,"column":11}},"293":{"start":{"line":662,"column":4},"end":{"line":672,"column":7}},"294":{"start":{"line":663,"column":6},"end":{"line":671,"column":7}},"295":{"start":{"line":665,"column":25},"end":{"line":665,"column":96}},"296":{"start":{"line":667,"column":8},"end":{"line":670,"column":9}},"297":{"start":{"line":668,"column":10},"end":{"line":668,"column":69}},"298":{"start":{"line":669,"column":10},"end":{"line":669,"column":84}},"299":{"start":{"line":677,"column":2},"end":{"line":726,"column":3}},"300":{"start":{"line":678,"column":4},"end":{"line":678,"column":74}},"301":{"start":{"line":681,"column":19},"end":{"line":687,"column":6}},"302":{"start":{"line":689,"column":4},"end":{"line":689,"column":68}},"303":{"start":{"line":692,"column":18},"end":{"line":692,"column":49}},"304":{"start":{"line":693,"column":4},"end":{"line":693,"column":28}},"305":{"start":{"line":694,"column":4},"end":{"line":694,"column":26}},"306":{"start":{"line":695,"column":4},"end":{"line":695,"column":29}},"307":{"start":{"line":696,"column":4},"end":{"line":696,"column":23}},"308":{"start":{"line":697,"column":4},"end":{"line":697,"column":33}},"309":{"start":{"line":698,"column":4},"end":{"line":698,"column":37}},"310":{"start":{"line":700,"column":4},"end":{"line":700,"column":29}},"311":{"start":{"line":703,"column":4},"end":{"line":703,"column":69}},"312":{"start":{"line":706,"column":4},"end":{"line":718,"column":6}},"313":{"start":{"line":707,"column":6},"end":{"line":707,"column":53}},"314":{"start":{"line":708,"column":6},"end":{"line":717,"column":11}},"315":{"start":{"line":710,"column":10},"end":{"line":710,"column":77}},"316":{"start":{"line":711,"column":10},"end":{"line":711,"column":66}},"317":{"start":{"line":711,"column":28},"end":{"line":711,"column":58}},"318":{"start":{"line":713,"column":10},"end":{"line":713,"column":64}},"319":{"start":{"line":713,"column":27},"end":{"line":713,"column":57}},"320":{"start":{"line":716,"column":10},"end":{"line":716,"column":63}},"321":{"start":{"line":721,"column":4},"end":{"line":721,"column":79}},"322":{"start":{"line":722,"column":4},"end":{"line":722,"column":69}},"323":{"start":{"line":731,"column":2},"end":{"line":734,"column":3}},"324":{"start":{"line":732,"column":4},"end":{"line":732,"column":67}},"325":{"start":{"line":733,"column":4},"end":{"line":733,"column":11}},"326":{"start":{"line":737,"column":17},"end":{"line":737,"column":49}},"327":{"start":{"line":738,"column":2},"end":{"line":738,"column":41}},"328":{"start":{"line":739,"column":2},"end":{"line":739,"column":43}},"329":{"start":{"line":740,"column":14},"end":{"line":740,"column":37}},"330":{"start":{"line":743,"column":2},"end":{"line":748,"column":3}},"331":{"start":{"line":744,"column":4},"end":{"line":744,"column":60}},"332":{"start":{"line":746,"column":4},"end":{"line":746,"column":65}},"333":{"start":{"line":747,"column":4},"end":{"line":747,"column":11}},"334":{"start":{"line":751,"column":19},"end":{"line":751,"column":103}},"335":{"start":{"line":752,"column":24},"end":{"line":752,"column":77}},"336":{"start":{"line":753,"column":21},"end":{"line":753,"column":56}},"337":{"start":{"line":756,"column":2},"end":{"line":756,"column":43}},"338":{"start":{"line":759,"column":2},"end":{"line":763,"column":5}},"339":{"start":{"line":765,"column":2},"end":{"line":765,"column":78}},"340":{"start":{"line":769,"column":2},"end":{"line":769,"column":27}},"341":{"start":{"line":770,"column":23},"end":{"line":779,"column":3}},"342":{"start":{"line":781,"column":16},"end":{"line":781,"column":52}},"343":{"start":{"line":782,"column":2},"end":{"line":789,"column":3}},"344":{"start":{"line":783,"column":4},"end":{"line":783,"column":89}},"345":{"start":{"line":785,"column":24},"end":{"line":787,"column":15}},"346":{"start":{"line":788,"column":4},"end":{"line":788,"column":71}},"347":{"start":{"line":792,"column":2},"end":{"line":792,"column":30}},"348":{"start":{"line":797,"column":19},"end":{"line":797,"column":58}},"349":{"start":{"line":798,"column":2},"end":{"line":798,"column":24}},"350":{"start":{"line":798,"column":17},"end":{"line":798,"column":24}},"351":{"start":{"line":800,"column":2},"end":{"line":808,"column":3}},"352":{"start":{"line":801,"column":4},"end":{"line":801,"column":103}},"353":{"start":{"line":802,"column":9},"end":{"line":808,"column":3}},"354":{"start":{"line":803,"column":4},"end":{"line":803,"column":100}},"355":{"start":{"line":804,"column":9},"end":{"line":808,"column":3}},"356":{"start":{"line":805,"column":4},"end":{"line":805,"column":108}},"357":{"start":{"line":807,"column":4},"end":{"line":807,"column":28}},"358":{"start":{"line":815,"column":4},"end":{"line":817,"column":72}},"359":{"start":{"line":823,"column":4},"end":{"line":828,"column":5}},"360":{"start":{"line":824,"column":28},"end":{"line":824,"column":71}},"361":{"start":{"line":825,"column":6},"end":{"line":827,"column":7}},"362":{"start":{"line":826,"column":8},"end":{"line":826,"column":20}},"363":{"start":{"line":830,"column":4},"end":{"line":833,"column":5}},"364":{"start":{"line":832,"column":6},"end":{"line":832,"column":18}},"365":{"start":{"line":836,"column":28},"end":{"line":836,"column":131}},"366":{"start":{"line":837,"column":4},"end":{"line":839,"column":5}},"367":{"start":{"line":838,"column":6},"end":{"line":838,"column":18}},"368":{"start":{"line":842,"column":25},"end":{"line":842,"column":69}},"369":{"start":{"line":843,"column":31},"end":{"line":843,"column":120}},"370":{"start":{"line":845,"column":4},"end":{"line":850,"column":5}},"371":{"start":{"line":846,"column":19},"end":{"line":846,"column":44}},"372":{"start":{"line":847,"column":6},"end":{"line":849,"column":7}},"373":{"start":{"line":847,"column":39},"end":{"line":847,"column":55}},"374":{"start":{"line":848,"column":8},"end":{"line":848,"column":20}},"375":{"start":{"line":852,"column":4},"end":{"line":852,"column":17}},"376":{"start":{"line":856,"column":2},"end":{"line":889,"column":3}},"377":{"start":{"line":858,"column":24},"end":{"line":858,"column":84}},"378":{"start":{"line":859,"column":4},"end":{"line":887,"column":5}},"379":{"start":{"line":861,"column":27},"end":{"line":861,"column":56}},"380":{"start":{"line":862,"column":6},"end":{"line":876,"column":8}},"381":{"start":{"line":877,"column":6},"end":{"line":879,"column":8}},"382":{"start":{"line":880,"column":6},"end":{"line":880,"column":46}},"383":{"start":{"line":882,"column":6},"end":{"line":886,"column":15}},"384":{"start":{"line":883,"column":8},"end":{"line":883,"column":60}},"385":{"start":{"line":884,"column":8},"end":{"line":884,"column":41}},"386":{"start":{"line":885,"column":8},"end":{"line":885,"column":53}},"387":{"start":{"line":885,"column":25},"end":{"line":885,"column":46}},"388":{"start":{"line":888,"column":4},"end":{"line":888,"column":11}},"389":{"start":{"line":892,"column":2},"end":{"line":948,"column":11}},"390":{"start":{"line":894,"column":26},"end":{"line":894,"column":128}},"391":{"start":{"line":896,"column":4},"end":{"line":922,"column":7}},"392":{"start":{"line":897,"column":6},"end":{"line":897,"column":56}},"393":{"start":{"line":897,"column":49},"end":{"line":897,"column":56}},"394":{"start":{"line":898,"column":6},"end":{"line":898,"column":52}},"395":{"start":{"line":900,"column":6},"end":{"line":921,"column":7}},"396":{"start":{"line":901,"column":8},"end":{"line":901,"column":40}},"397":{"start":{"line":902,"column":8},"end":{"line":902,"column":35}},"398":{"start":{"line":903,"column":8},"end":{"line":903,"column":42}},"399":{"start":{"line":904,"column":8},"end":{"line":904,"column":48}},"400":{"start":{"line":905,"column":8},"end":{"line":905,"column":54}},"401":{"start":{"line":908,"column":8},"end":{"line":913,"column":11}},"402":{"start":{"line":909,"column":10},"end":{"line":912,"column":11}},"403":{"start":{"line":910,"column":12},"end":{"line":910,"column":44}},"404":{"start":{"line":911,"column":12},"end":{"line":911,"column":39}},"405":{"start":{"line":915,"column":8},"end":{"line":920,"column":11}},"406":{"start":{"line":916,"column":10},"end":{"line":919,"column":11}},"407":{"start":{"line":917,"column":12},"end":{"line":917,"column":44}},"408":{"start":{"line":918,"column":12},"end":{"line":918,"column":39}},"409":{"start":{"line":925,"column":28},"end":{"line":925,"column":100}},"410":{"start":{"line":926,"column":4},"end":{"line":936,"column":7}},"411":{"start":{"line":927,"column":6},"end":{"line":927,"column":56}},"412":{"start":{"line":927,"column":49},"end":{"line":927,"column":56}},"413":{"start":{"line":928,"column":6},"end":{"line":928,"column":52}},"414":{"start":{"line":930,"column":6},"end":{"line":935,"column":7}},"415":{"start":{"line":931,"column":8},"end":{"line":931,"column":40}},"416":{"start":{"line":932,"column":8},"end":{"line":932,"column":35}},"417":{"start":{"line":933,"column":8},"end":{"line":933,"column":42}},"418":{"start":{"line":934,"column":8},"end":{"line":934,"column":54}},"419":{"start":{"line":939,"column":25},"end":{"line":939,"column":106}},"420":{"start":{"line":940,"colum
[...]
column":35}},"type":"binary-expr","locations":[{"start":{"line":40,"column":14},"end":{"line":40,"column":19}},{"start":{"line":40,"column":23},"end":{"line":40,"column":35}}],"line":40},"9":{"loc":{"start":{"line":58,"column":20},"end":{"line":58,"column":105}},"type":"binary-expr","locations":[{"start":{"line":58,"column":20},"end":{"line":58,"column":26}},{"start":{"line":58,"column":30},"end":{"line":58,"column":42}},{"start":{"line":58,"column":46},"end":{"line":58,"column":62}},{"start":{"line":58,"column":66},"end":{"line":58,"column":78}},{"start":{"line":58,"column":82},"end":{"line":58,"column":105}}],"line":58},"10":{"loc":{"start":{"line":60,"column":4},"end":{"line":68,"column":5}},"type":"if","locations":[{"start":{"line":60,"column":4},"end":{"line":68,"column":5}},{"start":{},"end":{}}],"line":60},"11":{"loc":{"start":{"line":60,"column":8},"end":{"line":60,"column":26}},"type":"binary-expr","locations":[{"start":{"line":60,"column":8},"end":{"line":60,"column":16}},{"start":{"line":60,"column":20},"end":{"line":60,"column":26}}],"line":60},"12":{"loc":{"start":{"line":66,"column":21},"end":{"line":66,"column":59}},"type":"cond-expr","locations":[{"start":{"line":66,"column":36},"end":{"line":66,"column":55}},{"start":{"line":66,"column":58},"end":{"line":66,"column":59}}],"line":66},"13":{"loc":{"start":{"line":75,"column":0},"end":{"line":77,"column":1}},"type":"if","locations":[{"start":{"line":75,"column":0},"end":{"line":77,"column":1}},{"start":{},"end":{}}],"line":75},"14":{"loc":{"start":{"line":75,"column":4},"end":{"line":75,"column":51}},"type":"binary-expr","locations":[{"start":{"line":75,"column":4},"end":{"line":75,"column":33}},{"start":{"line":75,"column":37},"end":{"line":75,"column":51}}],"line":75}},"s":{"0":0,"1":0,"2":0,"3":0,"4":0,"5":0,"6":0,"7":0,"8":0,"9":0,"10":0,"11":0,"12":0,"13":0,"14":0,"15":0,"16":0,"17":0,"18":0,"19":0,"20":0,"21":0,"22":0,"23":0,"24":0,"25":0,"26":0,"27":0},"f":{"0":0,"1":0,"2":0,"3":0,"4":0,"5":0,"6":0},"b":{"0":[0,0],"1":[0,0],"2":[0,0],"3":[0,0],"4":[0],"5":[0,0],"6":[0,0],"7":[0,0],"8":[0,0],"9":[0,0,0,0,0],"10":[0,0],"11":[0,0],"12":[0,0],"13":[0,0],"14":[0,0]}}
,"D:\\JONY\\C'mon Bro\\2026\\AMD slingshot\\kiro\\utils\\site-scrapers\\ebay-scraper.js": {"path":"D:\\JONY\\C'mon Bro\\2026\\AMD slingshot\\kiro\\utils\\site-scrapers\\ebay-scraper.js","statementMap":{"0":{"start":{"line":6,"column":4},"end":{"line":6,"column":18}},"1":{"start":{"line":8,"column":4},"end":{"line":12,"column":6}},"2":{"start":{"line":14,"column":4},"end":{"line":17,"column":6}},"3":{"start":{"line":19,"column":4},"end":{"line":22,"column":6}},"4":{"start":{"line":26,"column":16},"end":{"line":26,"column":36}},"5":{"start":{"line":29,"column":18},"end":{"line":29,"column":49}},"6":{"start":{"line":31,"column":4},"end":{"line":41,"column":5}},"7":{"start":{"line":33,"column":6},"end":{"line":35,"column":7}},"8":{"start":{"line":34,"column":8},"end":{"line":34,"column":17}},"9":{"start":{"line":37,"column":21},"end":{"line":37,"column":54}},"10":{"start":{"line":38,"column":6},"end":{"line":40,"column":7}},"11":{"start":{"line":39,"column":8},"end":{"line":39,"column":22}},"12":{"start":{"line":43,"column":4},"end":{"line":43,"column":16}},"13":{"start":{"line":47,"column":18},"end":{"line":47,"column":70}},"14":{"start":{"line":48,"column":22},"end":{"line":48,"column":74}},"15":{"start":{"line":49,"column":18},"end":{"line":49,"column":44}},"16":{"start":{"line":51,"column":15},"end":{"line":51,"column":19}},"17":{"start":{"line":52,"column":24},"end":{"line":52,"column":72}},"18":{"start":{"line":53,"column":4},"end":{"line":55,"column":5}},"19":{"start":{"line":54,"column":6},"end":{"line":54,"column":30}},"20":{"start":{"line":57,"column":4},"end":{"line":63,"column":6}},"21":{"start":{"line":68,"column":0},"end":{"line":70,"column":1}},"22":{"start":{"line":69,"column":2},"end":{"line":69,"column":31}}},"fnMap":{"0":{"name":"(anonymous_0)","decl":{"start":{"line":5,"column":2},"end":{"line":5,"column":3}},"loc":{"start":{"line":5,"column":16},"end":{"line":23,"column":3}},"line":5},"1":{"name":"(anonymous_1)","decl":{"start":{"line":25,"column":2},"end":{"line":25,"column":3}},"loc":{"start":{"line":25,"column":21},"end":{"line":44,"column":3}},"line":25},"2":{"name":"(anonymous_2)","decl":{"start":{"line":46,"column":2},"end":{"line":46,"column":3}},"loc":{"start":{"line":46,"column":31},"end":{"line":64,"column":3}},"line":46}},"branchMap":{"0":{"loc":{"start":{"line":33,"column":6},"end":{"line":35,"column":7}},"type":"if","locations":[{"start":{"line":33,"column":6},"end":{"line":35,"column":7}},{"start":{},"end":{}}],"line":33},"1":{"loc":{"start":{"line":38,"column":6},"end":{"line":40,"column":7}},"type":"if","locations":[{"start":{"line":38,"column":6},"end":{"line":40,"column":7}},{"start":{},"end":{}}],"line":38},"2":{"loc":{"start":{"line":53,"column":4},"end":{"line":55,"column":5}},"type":"if","locations":[{"start":{"line":53,"column":4},"end":{"line":55,"column":5}},{"start":{},"end":{}}],"line":53},"3":{"loc":{"start":{"line":53,"column":8},"end":{"line":53,"column":39}},"type":"binary-expr","locations":[{"start":{"line":53,"column":8},"end":{"line":53,"column":19}},{"start":{"line":53,"column":23},"end":{"line":53,"column":39}}],"line":53},"4":{"loc":{"start":{"line":68,"column":0},"end":{"line":70,"column":1}},"type":"if","locations":[{"start":{"line":68,"column":0},"end":{"line":70,"column":1}},{"start":{},"end":{}}],"line":68},"5":{"loc":{"start":{"line":68,"column":4},"end":{"line":68,"column":51}},"type":"binary-expr","locations":[{"start":{"line":68,"column":4},"end":{"line":68,"column":33}},{"start":{"line":68,"column":37},"end":{"line":68,"column":51}}],"line":68}},"s":{"0":0,"1":0,"2":0,"3":0,"4":0,"5":0,"6":0,"7":0,"8":0,"9":0,"10":0,"11":0,"12":0,"13":0,"14":0,"15":0,"16":0,"17":0,"18":0,"19":0,"20":0,"21":0,"22":0},"f":{"0":0,"1":0,"2":0},"b":{"0":[0,0],"1":[0,0],"2":[0,0],"3":[0,0],"4":[0,0],"5":[0,0]}}
,"D:\\JONY\\C'mon Bro\\2026\\AMD slingshot\\kiro\\utils\\site-scrapers\\flipkart-scraper.js": {"path":"D:\\JONY\\C'mon Bro\\2026\\AMD slingshot\\kiro\\utils\\site-scrapers\\flipkart-scraper.js","statementMap":{"0":{"start":{"line":6,"column":4},"end":{"line":6,"column":22}},"1":{"start":{"line":8,"column":4},"end":{"line":14,"column":6}},"2":{"start":{"line":16,"column":4},"end":{"line":22,"column":6}},"3":{"start":{"line":24,"column":4},"end":{"line":28,"column":6}},"4":{"start":{"line":32,"column":4},"end":{"line":32,"column":56}},"5":{"start":{"line":33,"column":16},"end":{"line":33,"column":36}},"6":{"start":{"line":36,"column":30},"end":{"line":36,"column":100}},"7":{"start":{"line":37,"column":4},"end":{"line":37,"column":90}},"8":{"start":{"line":39,"column":4},"end":{"line":45,"column":5}},"9":{"start":{"line":40,"column":21},"end":{"line":40,"column":64}},"10":{"start":{"line":41,"column":6},"end":{"line":44,"column":7}},"11":{"start":{"line":42,"column":8},"end":{"line":42,"column":72}},"12":{"start":{"line":43,"column":8},"end":{"line":43,"column":22}},"13":{"start":{"line":48,"column":4},"end":{"line":48,"column":92}},"14":{"start":{"line":49,"column":27},"end":{"line":49,"column":52}},"15":{"start":{"line":51,"column":4},"end":{"line":54,"column":5}},"16":{"start":{"line":52,"column":6},"end":{"line":52,"column":89}},"17":{"start":{"line":53,"column":6},"end":{"line":53,"column":28}},"18":{"start":{"line":56,"column":4},"end":{"line":56,"column":68}},"19":{"start":{"line":57,"column":4},"end":{"line":57,"column":16}},"20":{"start":{"line":61,"column":18},"end":{"line":61,"column":75}},"21":{"start":{"line":62,"column":22},"end":{"line":62,"column":79}},"22":{"start":{"line":63,"column":18},"end":{"line":63,"column":44}},"23":{"start":{"line":65,"column":4},"end":{"line":65,"column":128}},"24":{"start":{"line":67,"column":15},"end":{"line":67,"column":19}},"25":{"start":{"line":68,"column":24},"end":{"line":68,"column":77}},"26":{"start":{"line":69,"column":4},"end":{"line":73,"column":5}},"27":{"start":{"line":70,"column":6},"end":{"line":72,"column":56}},"28":{"start":{"line":75,"column":4},"end":{"line":81,"column":6}},"29":{"start":{"line":85,"column":18},"end":{"line":85,"column":69}},"30":{"start":{"line":86,"column":22},"end":{"line":86,"column":73}},"31":{"start":{"line":87,"column":18},"end":{"line":87,"column":44}},"32":{"start":{"line":89,"column":4},"end":{"line":95,"column":6}},"33":{"start":{"line":100,"column":0},"end":{"line":102,"column":1}},"34":{"start":{"line":101,"column":2},"end":{"line":101,"column":35}}},"fnMap":{"0":{"name":"(anonymous_0)","decl":{"start":{"line":5,"column":2},"end":{"line":5,"column":3}},"loc":{"start":{"line":5,"column":16},"end":{"line":29,"column":3}},"line":5},"1":{"name":"(anonymous_1)","decl":{"start":{"line":31,"column":2},"end":{"line":31,"column":3}},"loc":{"start":{"line":31,"column":21},"end":{"line":58,"column":3}},"line":31},"2":{"name":"(anonymous_2)","decl":{"start":{"line":60,"column":2},"end":{"line":60,"column":3}},"loc":{"start":{"line":60,"column":41},"end":{"line":82,"column":3}},"line":60},"3":{"name":"(anonymous_3)","decl":{"start":{"line":84,"column":2},"end":{"line":84,"column":3}},"loc":{"start":{"line":84,"column":23},"end":{"line":96,"column":3}},"line":84}},"branchMap":{"0":{"loc":{"start":{"line":41,"column":6},"end":{"line":44,"column":7}},"type":"if","locations":[{"start":{"line":41,"column":6},"end":{"line":44,"column":7}},{"start":{},"end":{}}],"line":41},"1":{"loc":{"start":{"line":51,"column":4},"end":{"line":54,"column":5}},"type":"if","locations":[{"start":{"line":51,"column":4},"end":{"line":54,"column":5}},{"start":{},"end":{}}],"line":51},"2":{"loc":{"start":{"line":65,"column":67},"end":{"line":65,"column":94}},"type":"cond-expr","locations":[{"start":{"line":65,"column":75},"end":{"line":65,"column":82}},{"start":{"line":65,"column":85},"end":{"line":65,"column":94}}],"line":65},"3":{"loc":{"start":{"line":65,"column":106},"end":{"line":65,"column":124}},"type":"binary-expr","locations":[{"start":{"line":65,"column":106},"end":{"line":65,"column":111}},{"start":{"line":65,"column":115},"end":{"line":65,"column":124}}],"line":65},"4":{"loc":{"start":{"line":69,"column":4},"end":{"line":73,"column":5}},"type":"if","locations":[{"start":{"line":69,"column":4},"end":{"line":73,"column":5}},{"start":{},"end":{}}],"line":69},"5":{"loc":{"start":{"line":69,"column":8},"end":{"line":69,"column":39}},"type":"binary-expr","locations":[{"start":{"line":69,"column":8},"end":{"line":69,"column":19}},{"start":{"line":69,"column":23},"end":{"line":69,"column":39}}],"line":69},"6":{"loc":{"start":{"line":70,"column":13},"end":{"line":72,"column":55}},"type":"cond-expr","locations":[{"start":{"line":71,"column":10},"end":{"line":71,"column":26}},{"start":{"line":72,"column":10},"end":{"line":72,"column":55}}],"line":70},"7":{"loc":{"start":{"line":80,"column":17},"end":{"line":80,"column":44}},"type":"binary-expr","locations":[{"start":{"line":80,"column":17},"end":{"line":80,"column":31}},{"start":{"line":80,"column":35},"end":{"line":80,"column":44}}],"line":80},"8":{"loc":{"start":{"line":100,"column":0},"end":{"line":102,"column":1}},"type":"if","locations":[{"start":{"line":100,"column":0},"end":{"line":102,"column":1}},{"start":{},"end":{}}],"line":100},"9":{"loc":{"start":{"line":100,"column":4},"end":{"line":100,"column":51}},"type":"binary-expr","locations":[{"start":{"line":100,"column":4},"end":{"line":100,"column":33}},{"start":{"line":100,"column":37},"end":{"line":100,"column":51}}],"line":100}},"s":{"0":0,"1":0,"2":0,"3":0,"4":0,"5":0,"6":0,"7":0,"8":0,"9":0,"10":0,"11":0,"12":0,"13":0,"14":0,"15":0,"16":0,"17":0,"18":0,"19":0,"20":0,"21":0,"22":0,"23":0,"24":0,"25":0,"26":0,"27":0,"28":0,"29":0,"30":0,"31":0,"32":0,"33":0,"34":0},"f":{"0":0,"1":0,"2":0,"3":0},"b":{"0":[0,0],"1":[0,0],"2":[0,0],"3":[0,0],"4":[0,0],"5":[0,0],"6":[0,0],"7":[0,0],"8":[0,0],"9":[0,0]}}
,"D:\\JONY\\C'mon Bro\\2026\\AMD slingshot\\kiro\\utils\\site-scrapers\\scraper-factory.js": {"path":"D:\\JONY\\C'mon Bro\\2026\\AMD slingshot\\kiro\\utils\\site-scrapers\\scraper-factory.js","statementMap":{"0":{"start":{"line":6,"column":4},"end":{"line":6,"column":30}},"1":{"start":{"line":7,"column":4},"end":{"line":7,"column":35}},"2":{"start":{"line":12,"column":4},"end":{"line":14,"column":5}},"3":{"start":{"line":13,"column":6},"end":{"line":13,"column":49}},"4":{"start":{"line":15,"column":4},"end":{"line":17,"column":5}},"5":{"start":{"line":16,"column":6},"end":{"line":16,"column":41}},"6":{"start":{"line":18,"column":4},"end":{"line":20,"column":5}},"7":{"start":{"line":19,"column":6},"end":{"line":19,"column":47}},"8":{"start":{"line":25,"column":4},"end":{"line":25,"column":60}},"9":{"start":{"line":30,"column":25},"end":{"line":30,"column":66}},"10":{"start":{"line":32,"column":4},"end":{"line":35,"column":5}},"11":{"start":{"line":33,"column":6},"end":{"line":33,"column":66}},"12":{"start":{"line":34,"column":6},"end":{"line":34,"column":18}},"13":{"start":{"line":37,"column":4},"end":{"line":37,"column":30}},"14":{"start":{"line":42,"column":4},"end":{"line":42,"column":53}},"15":{"start":{"line":47,"column":4},"end":{"line":47,"column":44}},"16":{"start":{"line":52,"column":0},"end":{"line":54,"column":1}},"17":{"start":{"line":53,"column":2},"end":{"line":53,"column":34}}},"fnMap":{"0":{"name":"(anonymous_0)","decl":{"start":{"line":5,"column":2},"end":{"line":5,"column":3}},"loc":{"start":{"line":5,"column":16},"end":{"line":8,"column":3}},"line":5},"1":{"name":"(anonymous_1)","decl":{"start":{"line":10,"column":2},"end":{"line":10,"column":3}},"loc":{"start":{"line":10,"column":28},"end":{"line":21,"column":3}},"line":10},"2":{"name":"(anonymous_2)","decl":{"start":{"line":24,"column":2},"end":{"line":24,"column":3}},"loc":{"start":{"line":24,"column":35},"end":{"line":26,"column":3}},"line":24},"3":{"name":"(anonymous_3)","decl":{"start":{"line":29,"column":2},"end":{"line":29,"column":3}},"loc":{"start":{"line":29,"column":23},"end":{"line":38,"column":3}},"line":29},"4":{"name":"(anonymous_4)","decl":{"start":{"line":41,"column":2},"end":{"line":41,"column":3}},"loc":{"start":{"line":41,"column":23},"end":{"line":43,"column":3}},"line":41},"5":{"name":"(anonymous_5)","decl":{"start":{"line":46,"column":2},"end":{"line":46,"column":3}},"loc":{"start":{"line":46,"column":22},"end":{"line":48,"column":3}},"line":46}},"branchMap":{"0":{"loc":{"start":{"line":12,"column":4},"end":{"line":14,"column":5}},"type":"if","locations":[{"start":{"line":12,"column":4},"end":{"line":14,"column":5}},{"start":{},"end":{}}],"line":12},"1":{"loc":{"start":{"line":15,"column":4},"end":{"line":17,"column":5}},"type":"if","locations":[{"start":{"line":15,"column":4},"end":{"line":17,"column":5}},{"start":{},"end":{}}],"line":15},"2":{"loc":{"start":{"line":18,"column":4},"end":{"line":20,"column":5}},"type":"if","locations":[{"start":{"line":18,"column":4},"end":{"line":20,"column":5}},{"start":{},"end":{}}],"line":18},"3":{"loc":{"start":{"line":32,"column":4},"end":{"line":35,"column":5}},"type":"if","locations":[{"start":{"line":32,"column":4},"end":{"line":35,"column":5}},{"start":{},"end":{}}],"line":32},"4":{"loc":{"start":{"line":52,"column":0},"end":{"line":54,"column":1}},"type":"if","locations":[{"start":{"line":52,"column":0},"end":{"line":54,"column":1}},{"start":{},"end":{}}],"line":52},"5":{"loc":{"start":{"line":52,"column":4},"end":{"line":52,"column":51}},"type":"binary-expr","locations":[{"start":{"line":52,"column":4},"end":{"line":52,"column":33}},{"start":{"line":52,"column":37},"end":{"line":52,"column":51}}],"line":52}},"s":{"0":0,"1":0,"2":0,"3":0,"4":0,"5":0,"6":0,"7":0,"8":0,"9":0,"10":0,"11":0,"12":0,"13":0,"14":0,"15":0,"16":0,"17":0},"f":{"0":0,"1":0,"2":0,"3":0,"4":0,"5":0},"b":{"0":[0,0],"1":[0,0],"2":[0,0],"3":[0,0],"4":[0,0],"5":[0,0]}}
,"D:\\JONY\\C'mon Bro\\2026\\AMD slingshot\\kiro\\utils\\site-scrapers\\walmart-scraper.js": {"path":"D:\\JONY\\C'mon Bro\\2026\\AMD slingshot\\kiro\\utils\\site-scrapers\\walmart-scraper.js","statementMap":{"0":{"start":{"line":6,"column":4},"end":{"line":6,"column":21}},"1":{"start":{"line":8,"column":4},"end":{"line":12,"column":6}},"2":{"start":{"line":14,"column":4},"end":{"line":18,"column":6}},"3":{"start":{"line":20,"column":4},"end":{"line":23,"column":6}},"4":{"start":{"line":27,"column":16},"end":{"line":27,"column":36}},"5":{"start":{"line":30,"column":18},"end":{"line":30,"column":88}},"6":{"start":{"line":32,"column":4},"end":{"line":37,"column":5}},"7":{"start":{"line":33,"column":21},"end":{"line":33,"column":54}},"8":{"start":{"line":34,"column":6},"end":{"line":36,"column":7}},"9":{"start":{"line":35,"column":8},"end":{"line":35,"column":22}},"10":{"start":{"line":39,"column":4},"end":{"line":39,"column":16}},"11":{"start":{"line":43,"column":18},"end":{"line":43,"column":70}},"12":{"start":{"line":44,"column":22},"end":{"line":44,"column":74}},"13":{"start":{"line":45,"column":18},"end":{"line":45,"column":44}},"14":{"start":{"line":47,"column":15},"end":{"line":47,"column":19}},"15":{"start":{"line":48,"column":24},"end":{"line":48,"column":72}},"16":{"start":{"line":49,"column":4},"end":{"line":54,"column":5}},"17":{"start":{"line":50,"column":6},"end":{"line":50,"column":64}},"18":{"start":{"line":51,"column":6},"end":{"line":53,"column":7}},"19":{"start":{"line":52,"column":8},"end":{"line":52,"column":48}},"20":{"start":{"line":56,"column":4},"end":{"line":62,"column":6}},"21":{"start":{"line":67,"column":0},"end":{"line":69,"column":1}},"22":{"start":{"line":68,"column":2},"end":{"line":68,"column":34}}},"fnMap":{"0":{"name":"(anonymous_0)","decl":{"start":{"line":5,"column":2},"end":{"line":5,"column":3}},"loc":{"start":{"line":5,"column":16},"end":{"line":24,"column":3}},"line":5},"1":{"name":"(anonymous_1)","decl":{"start":{"line":26,"column":2},"end":{"line":26,"column":3}},"loc":{"start":{"line":26,"column":21},"end":{"line":40,"column":3}},"line":26},"2":{"name":"(anonymous_2)","decl":{"start":{"line":42,"column":2},"end":{"line":42,"column":3}},"loc":{"start":{"line":42,"column":31},"end":{"line":63,"column":3}},"line":42}},"branchMap":{"0":{"loc":{"start":{"line":34,"column":6},"end":{"line":36,"column":7}},"type":"if","locations":[{"start":{"line":34,"column":6},"end":{"line":36,"column":7}},{"start":{},"end":{}}],"line":34},"1":{"loc":{"start":{"line":49,"column":4},"end":{"line":54,"column":5}},"type":"if","locations":[{"start":{"line":49,"column":4},"end":{"line":54,"column":5}},{"start":{},"end":{}}],"line":49},"2":{"loc":{"start":{"line":50,"column":13},"end":{"line":50,"column":63}},"type":"binary-expr","locations":[{"start":{"line":50,"column":13},"end":{"line":50,"column":29}},{"start":{"line":50,"column":33},"end":{"line":50,"column":63}}],"line":50},"3":{"loc":{"start":{"line":51,"column":6},"end":{"line":53,"column":7}},"type":"if","locations":[{"start":{"line":51,"column":6},"end":{"line":53,"column":7}},{"start":{},"end":{}}],"line":51},"4":{"loc":{"start":{"line":51,"column":10},"end":{"line":51,"column":42}},"type":"binary-expr","locations":[{"start":{"line":51,"column":10},"end":{"line":51,"column":14}},{"start":{"line":51,"column":18},"end":{"line":51,"column":42}}],"line":51},"5":{"loc":{"start":{"line":67,"column":0},"end":{"line":69,"column":1}},"type":"if","locations":[{"start":{"line":67,"column":0},"end":{"line":69,"column":1}},{"start":{},"end":{}}],"line":67},"6":{"loc":{"start":{"line":67,"column":4},"end":{"line":67,"column":51}},"type":"binary-expr","locations":[{"start":{"line":67,"column":4},"end":{"line":67,"column":33}},{"start":{"line":67,"column":37},"end":{"line":67,"column":51}}],"line":67}},"s":{"0":0,"1":0,"2":0,"3":0,"4":0,"5":0,"6":0,"7":0,"8":0,"9":0,"10":0,"11":0,"12":0,"13":0,"14":0,"15":0,"16":0,"17":0,"18":0,"19":0,"20":0,"21":0,"22":0},"f":{"0":0,"1":0,"2":0},"b":{"0":[0,0],"1":[0,0],"2":[0,0],"3":[0,0],"4":[0,0],"5":[0,0],"6":[0,0]}}
}
